1 :: L'usuari a@a ha realitzat l'acció REGISTRE el dia 16/06/2026 a l'hora 03:35:33
2 :: L'usuari a@a ha realitzat l'acció CONTACTE el dia 16/06/2026 a l'hora 03:35:45
3 :: L'usuari a@a ha realitzat l'acció CONTACTE el dia 16/06/2026 a l'hora 03:39:46
4 :: L'usuari a@a ha realitzat l'acció LOGOUT el dia 16/06/2026 a l'hora 03:49:07
5 :: L'usuari a@a ha realitzat l'acció LOGIN el dia 16/06/2026 a l'hora 03:50:31
6 :: L'usuari a@a ha realitzat l'acció LOGOUT el dia 16/06/2026 a l'hora 03:50:37
7 :: L'usuari asdfsadf@asdf ha realitzat l'acció ACCÉS INCORRECTE el dia 16/06/2026 a l'hora 03:53:34
8 :: L'usuari a@a ha realitzat l'acció ACCÉS INCORRECTE el dia 16/06/2026 a l'hora 03:53:43
9 :: L'usuari admin@daw.com ha realitzat l'acció ACCÉS CORRECTE el dia 16/06/2026 a l'hora 03:55:01
10 :: L'usuari admin@daw.com ha realitzat l'acció LOGOUT el dia 16/06/2026 a l'hora 03:57:47
11 :: L'usuari a@a ha realitzat l'acció REGISTRE el dia 16/06/2026 a l'hora 03:57:54
12 :: L'usuari b@b ha realitzat l'acció REGISTRE el dia 16/06/2026 a l'hora 03:58:12
13 :: L'usuari c@c ha realitzat l'acció REGISTRE el dia 16/06/2026 a l'hora 03:58:22
14 :: L'usuari admin@daw.com ha realitzat l'acció ACCÉS CORRECTE el dia 16/06/2026 a l'hora 03:58:32
15 :: L'usuari admin@daw.com ha realitzat l'acció ELIMINAR USUARI el dia 16/06/2026 a l'hora 03:58:37
16 :: L'usuari admin@daw.com ha realitzat l'acció ELIMINAR USUARI el dia 16/06/2026 a l'hora 04:06:07
17 :: L'usuari admin@daw.com ha realitzat l'acció LOGOUT el dia 16/06/2026 a l'hora 04:06:13
18 :: L'usuari a@a ha realitzat l'acció REGISTRE el dia 16/06/2026 a l'hora 04:07:03
19 :: L'usuari a@a ha realitzat l'acció CONTACTE el dia 16/06/2026 a l'hora 04:07:14
20 :: L'usuari a@a ha realitzat l'acció ACCÉS CORRECTE el dia 16/06/2026 a l'hora 04:07:25
21 :: L'usuari a@a ha realitzat l'acció LOGOUT el dia 16/06/2026 a l'hora 04:07:30
22 :: L'usuari a@a ha realitzat l'acció ACCÉS INCORRECTE el dia 16/06/2026 a l'hora 04:07:35
23 :: L'usuari asdfadsf@qr ha realitzat l'acció ACCÉS INCORRECTE el dia 16/06/2026 a l'hora 04:07:45
24 :: L'usuari admin@daw.com ha realitzat l'acció ACCÉS CORRECTE el dia 16/06/2026 a l'hora 04:08:01
25 :: L'usuari admin@daw.com ha realitzat l'acció ELIMINAR USUARI el dia 16/06/2026 a l'hora 04:08:07
26 :: L'usuari admin@daw.com ha realitzat l'acció LOGOUT el dia 16/06/2026 a l'hora 04:12:19
27 :: L'usuari a@a ha realitzat l'acció REGISTRE el dia 16/06/2026 a l'hora 04:12:27
28 :: L'usuari admin@daw.com ha realitzat l'acció ACCÉS CORRECTE el dia 16/06/2026 a l'hora 04:12:38
29 :: L'usuari admin@daw.com ha realitzat l'acció ELIMINAR USUARI A@A el dia 16/06/2026 a l'hora 04:12:48
30 :: L'usuari admin@daw.com ha realitzat l'acció LOGOUT el dia 16/06/2026 a l'hora 04:22:57
31 :: L'usuari a@a ha realitzat l'acció ACCÉS INCORRECTE el dia 16/06/2026 a l'hora 04:23:05
32 :: L'usuari admin@daw.com ha realitzat l'acció ACCÉS CORRECTE el dia 16/06/2026 a l'hora 04:23:14
33 :: L'usuari admin@daw.com ha realitzat l'acció LOGOUT el dia 16/06/2026 a l'hora 04:23:16
34 :: L'usuari admin@daw.com ha realitzat l'acció ACCÉS CORRECTE el dia 16/06/2026 a l'hora 04:29:12
35 :: L'usuari admin@daw.com ha realitzat l'acció LOGOUT el dia 16/06/2026 a l'hora 04:39:19
36 :: L'usuari admin@daw.com ha realitzat l'acció ACCÉS CORRECTE el dia 16/06/2026 a l'hora 04:39:27
37 :: L'usuari admin@daw.com ha realitzat l'acció LOGOUT el dia 16/06/2026 a l'hora 05:09:54
38 :: L'usuari admin@daw.com ha realitzat l'acció ACCÉS CORRECTE el dia 16/06/2026 a l'hora 05:10:33
39 :: L'usuari a@a ha realitzat l'acció ACCÉS INCORRECTE el dia 16/06/2026 a l'hora 08:00:24
40 :: L'usuari adriamorrio@edu.com ha realitzat l'acció ACCÉS CORRECTE el dia 16/06/2026 a l'hora 08:00:47
41 :: L'usuari adriamorrio@edu.com ha realitzat l'acció LOGOUT el dia 16/06/2026 a l'hora 08:01:04
42 :: L'usuari a@a ha realitzat l'acció CONTACTE el dia 16/06/2026 a l'hora 08:03:30
43 :: L'usuari a@a ha realitzat l'acció CONTACTE el dia 16/06/2026 a l'hora 08:04:34
44 :: L'usuari a@a ha realitzat l'acció CONTACTE el dia 16/06/2026 a l'hora 08:04:44
45 :: L'usuari a@a ha realitzat l'acció CONTACTE el dia 16/06/2026 a l'hora 08:07:49
46 :: L'usuari a@a ha realitzat l'acció CONTACTE el dia 16/06/2026 a l'hora 08:09:10
47 :: L'usuari a@a ha realitzat l'acció REGISTRE el dia 16/06/2026 a l'hora 08:09:20
48 :: L'usuari a@a ha realitzat l'acció REGISTRE el dia 16/06/2026 a l'hora 08:09:30
49 :: L'usuari a@aaaa ha realitzat l'acció REGISTRE el dia 16/06/2026 a l'hora 08:09:41
50 :: L'usuari a@aaaa ha realitzat l'acció REGISTRE el dia 16/06/2026 a l'hora 08:14:56
