1 :: L'usuari a@a ha realitzat l'acció REGISTRE el dia 16/06/2026 a l'hora 03:35:33
2 :: L'usuari a@a ha realitzat l'acció CONTACTE el dia 16/06/2026 a l'hora 03:35:45
3 :: L'usuari a@a ha realitzat l'acció CONTACTE el dia 16/06/2026 a l'hora 03:39:46
4 :: L'usuari a@a ha realitzat l'acció LOGOUT el dia 16/06/2026 a l'hora 03:49:07
5 :: L'usuari a@a ha realitzat l'acció LOGIN el dia 16/06/2026 a l'hora 03:50:31
6 :: L'usuari a@a ha realitzat l'acció LOGOUT el dia 16/06/2026 a l'hora 03:50:37
7 :: L'usuari asdfsadf@asdf ha realitzat l'acció ACCÉS INCORRECTE el dia 16/06/2026 a l'hora 03:53:34
8 :: L'usuari a@a ha realitzat l'acció ACCÉS INCORRECTE el dia 16/06/2026 a l'hora 03:53:43
9 :: L'usuari admin@daw.com ha realitzat l'acció ACCÉS CORRECTE el dia 16/06/2026 a l'hora 03:55:01
10 :: L'usuari admin@daw.com ha realitzat l'acció LOGOUT el dia 16/06/2026 a l'hora 03:57:47
11 :: L'usuari a@a ha realitzat l'acció REGISTRE el dia 16/06/2026 a l'hora 03:57:54
12 :: L'usuari b@b ha realitzat l'acció REGISTRE el dia 16/06/2026 a l'hora 03:58:12
13 :: L'usuari c@c ha realitzat l'acció REGISTRE el dia 16/06/2026 a l'hora 03:58:22
14 :: L'usuari admin@daw.com ha realitzat l'acció ACCÉS CORRECTE el dia 16/06/2026 a l'hora 03:58:32
15 :: L'usuari admin@daw.com ha realitzat l'acció ELIMINAR USUARI el dia 16/06/2026 a l'hora 03:58:37
16 :: L'usuari admin@daw.com ha realitzat l'acció ELIMINAR USUARI el dia 16/06/2026 a l'hora 04:06:07
17 :: L'usuari admin@daw.com ha realitzat l'acció LOGOUT el dia 16/06/2026 a l'hora 04:06:13
18 :: L'usuari a@a ha realitzat l'acció REGISTRE el dia 16/06/2026 a l'hora 04:07:03
19 :: L'usuari a@a ha realitzat l'acció CONTACTE el dia 16/06/2026 a l'hora 04:07:14
20 :: L'usuari a@a ha realitzat l'acció ACCÉS CORRECTE el dia 16/06/2026 a l'hora 04:07:25
