1 :: Accés a l'apartat REGISTRE el dia 15/06/2026 a l'hora 07:18:01
2 :: Accés a l'apartat REGISTRE el dia 15/06/2026 a l'hora 07:18:03
3 :: Accés a l'apartat CONTACTE el dia 15/06/2026 a l'hora 07:18:03
4 :: Accés a l'apartat APADRINA el dia 15/06/2026 a l'hora 07:18:04
5 :: Accés a l'apartat INICI el dia 15/06/2026 a l'hora 07:18:05
6 :: Accés a l'apartat CONTACTE el dia 15/06/2026 a l'hora 07:23:27
7 :: Accés a l'apartat APADRINA el dia 15/06/2026 a l'hora 07:23:27
8 :: Accés a l'apartat REGISTRE el dia 15/06/2026 a l'hora 07:23:28
9 :: Accés a l'apartat INICI el dia 15/06/2026 a l'hora 07:23:29
10 :: Accés a l'apartat APADRINA el dia 15/06/2026 a l'hora 07:23:30
11 :: Accés a l'apartat REGISTRE el dia 15/06/2026 a l'hora 07:23:31
12 :: Accés a l'apartat REGISTRE el dia 15/06/2026 a l'hora 07:25:53
13 :: Accés a l'apartat REGISTRE el dia 15/06/2026 a l'hora 07:27:21
14 :: Accés a l'apartat REGISTRE el dia 15/06/2026 a l'hora 07:30:41
15 :: Accés a l'apartat REGISTRE el dia 15/06/2026 a l'hora 07:36:47
16 :: Accés a l'apartat REGISTRE el dia 15/06/2026 a l'hora 11:00:26
17 :: Accés a l'apartat REGISTRE el dia 15/06/2026 a l'hora 11:01:32
18 :: Accés a l'apartat REGISTRE el dia 15/06/2026 a l'hora 11:06:01
19 :: Accés a l'apartat REGISTRE el dia 15/06/2026 a l'hora 11:06:03
20 :: Accés a l'apartat CONTACTE el dia 15/06/2026 a l'hora 11:06:05
21 :: Accés a l'apartat APADRINA el dia 15/06/2026 a l'hora 11:06:05
22 :: Accés a l'apartat REGISTRE el dia 15/06/2026 a l'hora 11:06:07
23 :: Accés a l'apartat REGISTRE el dia 15/06/2026 a l'hora 11:13:22
24 :: Accés a l'apartat REGISTRE el dia 15/06/2026 a l'hora 11:13:36
25 :: Accés a l'apartat REGISTRE el dia 15/06/2026 a l'hora 11:14:39
26 :: Accés a l'apartat REGISTRE el dia 15/06/2026 a l'hora 11:16:26
27 :: Accés a l'apartat REGISTRE el dia 15/06/2026 a l'hora 11:31:43
28 :: Accés a l'apartat REGISTRE el dia 15/06/2026 a l'hora 11:31:45
29 :: Accés a l'apartat REGISTRE el dia 15/06/2026 a l'hora 11:31:46
30 :: Accés a l'apartat REGISTRE el dia 15/06/2026 a l'hora 11:31:49
31 :: Accés a l'apartat REGISTRE el dia 15/06/2026 a l'hora 11:33:39
32 :: Accés a l'apartat REGISTRE el dia 15/06/2026 a l'hora 11:33:40
33 :: Accés a l'apartat REGISTRE el dia 15/06/2026 a l'hora 11:33:41
34 :: Accés a l'apartat REGISTRE el dia 15/06/2026 a l'hora 11:33:42
35 :: Accés a l'apartat REGISTRE el dia 15/06/2026 a l'hora 11:33:42
36 :: Accés a l'apartat REGISTRE el dia 15/06/2026 a l'hora 11:33:42
37 :: Accés a l'apartat REGISTRE el dia 15/06/2026 a l'hora 11:39:42
38 :: Accés a l'apartat REGISTRE el dia 15/06/2026 a l'hora 11:40:35
39 :: Accés a l'apartat REGISTRE el dia 15/06/2026 a l'hora 11:43:26
40 :: Accés a l'apartat INICI el dia 15/06/2026 a l'hora 11:43:27
41 :: Accés a l'apartat INICI el dia 15/06/2026 a l'hora 17:21:28
42 :: Accés a l'apartat REGISTRE el dia 15/06/2026 a l'hora 17:21:29
43 :: Accés a l'apartat REGISTRE el dia 15/06/2026 a l'hora 17:33:44
44 :: Accés a l'apartat REGISTRE el dia 15/06/2026 a l'hora 17:33:46
45 :: Accés a l'apartat INICI el dia 15/06/2026 a l'hora 17:33:47
46 :: Accés a l'apartat REGISTRE el dia 15/06/2026 a l'hora 17:33:49
47 :: Accés a l'apartat REGISTRE el dia 15/06/2026 a l'hora 17:33:51
48 :: Accés a l'apartat REGISTRE el dia 15/06/2026 a l'hora 17:34:03
49 :: Accés a l'apartat REGISTRE el dia 15/06/2026 a l'hora 17:35:39
50 :: Accés a l'apartat REGISTRE el dia 15/06/2026 a l'hora 17:35:40
51 :: Accés a l'apartat REGISTRE el dia 15/06/2026 a l'hora 17:35:40
52 :: Accés a l'apartat REGISTRE el dia 15/06/2026 a l'hora 17:35:41
53 :: Accés a l'apartat REGISTRE el dia 15/06/2026 a l'hora 17:35:41
54 :: Accés a l'apartat REGISTRE el dia 15/06/2026 a l'hora 17:35:42
55 :: Accés a l'apartat REGISTRE el dia 15/06/2026 a l'hora 17:36:03
56 :: Accés a l'apartat REGISTRE el dia 15/06/2026 a l'hora 17:36:15
57 :: Accés a l'apartat REGISTRE el dia 15/06/2026 a l'hora 17:36:33
58 :: Accés a l'apartat REGISTRE el dia 15/06/2026 a l'hora 17:38:41
59 :: Accés a l'apartat REGISTRE el dia 15/06/2026 a l'hora 17:39:24
60 :: Accés a l'apartat REGISTRE el dia 15/06/2026 a l'hora 17:39:34
61 :: Accés a l'apartat REGISTRE el dia 15/06/2026 a l'hora 17:39:35
62 :: Accés a l'apartat REGISTRE el dia 15/06/2026 a l'hora 17:39:35
63 :: Accés a l'apartat REGISTRE el dia 15/06/2026 a l'hora 17:39:35
64 :: Accés a l'apartat REGISTRE el dia 15/06/2026 a l'hora 17:39:36
65 :: Accés a l'apartat REGISTRE el dia 15/06/2026 a l'hora 17:39:36
66 :: Accés a l'apartat REGISTRE el dia 15/06/2026 a l'hora 17:39:36
67 :: Accés a l'apartat REGISTRE el dia 15/06/2026 a l'hora 17:39:36
68 :: Accés a l'apartat REGISTRE el dia 15/06/2026 a l'hora 17:39:36
69 :: Accés a l'apartat REGISTRE el dia 15/06/2026 a l'hora 17:40:51
70 :: Accés a l'apartat REGISTRE el dia 15/06/2026 a l'hora 17:43:11
71 :: Accés a l'apartat REGISTRE el dia 15/06/2026 a l'hora 17:45:26
72 :: Accés a l'apartat REGISTRE el dia 15/06/2026 a l'hora 17:45:44
73 :: Accés a l'apartat REGISTRE el dia 15/06/2026 a l'hora 17:46:06
74 :: Accés a l'apartat REGISTRE el dia 15/06/2026 a l'hora 17:46:25
75 :: Accés a l'apartat REGISTRE el dia 15/06/2026 a l'hora 17:46:41
76 :: Accés a l'apartat REGISTRE el dia 15/06/2026 a l'hora 18:15:14
77 :: Accés a l'apartat REGISTRE el dia 15/06/2026 a l'hora 18:15:28
78 :: Accés a l'apartat REGISTRE el dia 15/06/2026 a l'hora 18:15:46
79 :: Accés a l'apartat REGISTRE el dia 15/06/2026 a l'hora 18:16:06
80 :: Accés a l'apartat REGISTRE el dia 15/06/2026 a l'hora 18:16:07
81 :: Accés a l'apartat REGISTRE el dia 15/06/2026 a l'hora 18:16:17
82 :: Accés a l'apartat REGISTRE el dia 15/06/2026 a l'hora 18:16:17
83 :: Accés a l'apartat REGISTRE el dia 15/06/2026 a l'hora 18:16:17
84 :: Accés a l'apartat REGISTRE el dia 15/06/2026 a l'hora 18:16:46
85 :: Accés a l'apartat REGISTRE el dia 15/06/2026 a l'hora 18:16:56
86 :: Accés a l'apartat REGISTRE el dia 15/06/2026 a l'hora 18:17:12
87 :: Accés a l'apartat REGISTRE el dia 15/06/2026 a l'hora 18:17:35
88 :: Accés a l'apartat REGISTRE el dia 15/06/2026 a l'hora 18:19:23
89 :: Accés a l'apartat REGISTRE el dia 15/06/2026 a l'hora 18:19:29
90 :: Accés a l'apartat REGISTRE el dia 15/06/2026 a l'hora 18:19:37
91 :: Accés a l'apartat REGISTRE el dia 15/06/2026 a l'hora 18:19:57
92 :: Accés a l'apartat REGISTRE el dia 15/06/2026 a l'hora 18:20:11
93 :: Accés a l'apartat REGISTRE el dia 15/06/2026 a l'hora 18:20:53
94 :: Accés a l'apartat REGISTRE el dia 15/06/2026 a l'hora 18:21:13
95 :: Accés a l'apartat REGISTRE el dia 15/06/2026 a l'hora 18:21:51
96 :: Accés a l'apartat REGISTRE el dia 15/06/2026 a l'hora 18:22:23
97 :: Accés a l'apartat REGISTRE el dia 15/06/2026 a l'hora 18:22:42
98 :: Accés a l'apartat REGISTRE el dia 15/06/2026 a l'hora 18:22:49
99 :: Accés a l'apartat REGISTRE el dia 15/06/2026 a l'hora 18:22:58
100 :: Accés a l'apartat REGISTRE el dia 15/06/2026 a l'hora 18:23:13
101 :: Accés a l'apartat REGISTRE el dia 15/06/2026 a l'hora 18:23:42
102 :: Accés a l'apartat REGISTRE el dia 15/06/2026 a l'hora 18:23:50
103 :: Accés a l'apartat REGISTRE el dia 15/06/2026 a l'hora 18:27:57
104 :: Accés a l'apartat REGISTRE el dia 15/06/2026 a l'hora 18:39:58
105 :: Accés a l'apartat REGISTRE el dia 15/06/2026 a l'hora 18:41:37
106 :: Accés a l'apartat REGISTRE el dia 15/06/2026 a l'hora 18:41:53
107 :: Accés a l'apartat REGISTRE el dia 15/06/2026 a l'hora 18:42:41
108 :: Accés a l'apartat REGISTRE el dia 15/06/2026 a l'hora 18:43:01
109 :: Accés a l'apartat REGISTRE el dia 15/06/2026 a l'hora 18:43:22
110 :: Accés a l'apartat REGISTRE el dia 15/06/2026 a l'hora 18:43:28
111 :: Accés a l'apartat REGISTRE el dia 15/06/2026 a l'hora 18:44:40
112 :: Accés a l'apartat REGISTRE el dia 15/06/2026 a l'hora 18:44:56
113 :: Accés a l'apartat REGISTRE el dia 15/06/2026 a l'hora 18:45:31
114 :: Accés a l'apartat REGISTRE el dia 15/06/2026 a l'hora 18:45:51
115 :: Accés a l'apartat REGISTRE el dia 15/06/2026 a l'hora 18:59:52
116 :: Accés a l'apartat REGISTRE el dia 15/06/2026 a l'hora 20:42:29
117 :: Accés a l'apartat REGISTRE el dia 15/06/2026 a l'hora 21:10:34
118 :: Accés a l'apartat REGISTRE el dia 15/06/2026 a l'hora 21:10:36
119 :: Accés a l'apartat REGISTRE el dia 15/06/2026 a l'hora 21:10:44
120 :: Accés a l'apartat REGISTRE el dia 15/06/2026 a l'hora 21:10:49
121 :: Accés a l'apartat REGISTRE el dia 15/06/2026 a l'hora 21:11:00
122 :: Accés a l'apartat REGISTRE el dia 15/06/2026 a l'hora 21:11:03
123 :: Accés a l'apartat REGISTRE el dia 15/06/2026 a l'hora 21:11:04
124 :: Accés a l'apartat REGISTRE el dia 15/06/2026 a l'hora 21:11:05
125 :: Accés a l'apartat INICI el dia 15/06/2026 a l'hora 21:12:06
126 :: Accés a l'apartat REGISTRE el dia 15/06/2026 a l'hora 21:12:08
127 :: Accés a l'apartat REGISTRE el dia 15/06/2026 a l'hora 21:12:34
128 :: Accés a l'apartat REGISTRE el dia 15/06/2026 a l'hora 21:13:36
129 :: Accés a l'apartat REGISTRE el dia 15/06/2026 a l'hora 21:17:03
130 :: Accés a l'apartat CONTACTE el dia 15/06/2026 a l'hora 21:17:04
131 :: Accés a l'apartat REGISTRE el dia 15/06/2026 a l'hora 21:17:06
132 :: Accés a l'apartat REGISTRE el dia 15/06/2026 a l'hora 21:17:16
133 :: Accés a l'apartat REGISTRE el dia 15/06/2026 a l'hora 21:17:39
134 :: Accés a l'apartat REGISTRE el dia 15/06/2026 a l'hora 21:23:03
135 :: Accés a l'apartat REGISTRE el dia 15/06/2026 a l'hora 23:04:16
136 :: Accés a l'apartat REGISTRE el dia 15/06/2026 a l'hora 23:04:18
137 :: Accés a l'apartat REGISTRE el dia 15/06/2026 a l'hora 23:04:20
138 :: Accés a l'apartat CONTACTE el dia 15/06/2026 a l'hora 23:04:21
139 :: Accés a l'apartat APADRINA el dia 15/06/2026 a l'hora 23:04:21
140 :: Accés a l'apartat APADRINA el dia 15/06/2026 a l'hora 23:04:21
141 :: Accés a l'apartat CONTACTE el dia 15/06/2026 a l'hora 23:04:23
142 :: Accés a l'apartat REGISTRE el dia 15/06/2026 a l'hora 23:04:23
143 :: Accés a l'apartat INICI el dia 15/06/2026 a l'hora 23:04:24
144 :: Accés a l'apartat APADRINA el dia 15/06/2026 a l'hora 23:04:24
145 :: Accés a l'apartat CONTACTE el dia 15/06/2026 a l'hora 23:04:25
146 :: Accés a l'apartat REGISTRE el dia 15/06/2026 a l'hora 23:04:26
147 :: Accés a l'apartat INICI el dia 15/06/2026 a l'hora 23:04:27
148 :: Accés a l'apartat INICI el dia 15/06/2026 a l'hora 23:04:27
149 :: Accés a l'apartat INICI el dia 15/06/2026 a l'hora 23:04:28
150 :: Accés a l'apartat INICI el dia 15/06/2026 a l'hora 23:04:28
151 :: Accés a l'apartat INICI el dia 15/06/2026 a l'hora 23:05:33
152 :: Accés a l'apartat APADRINA el dia 15/06/2026 a l'hora 23:05:34
153 :: Accés a l'apartat CONTACTE el dia 15/06/2026 a l'hora 23:05:35
154 :: Accés a l'apartat REGISTRE el dia 15/06/2026 a l'hora 23:05:35
155 :: Accés a l'apartat CONTACTE el dia 15/06/2026 a l'hora 23:05:37
156 :: Accés a l'apartat REGISTRE el dia 15/06/2026 a l'hora 23:05:44
157 :: Accés a l'apartat REGISTRE el dia 15/06/2026 a l'hora 23:05:56
158 :: Accés a l'apartat CONTACTE el dia 15/06/2026 a l'hora 23:32:30
159 :: Accés a l'apartat CONTACTE el dia 15/06/2026 a l'hora 23:32:32
160 :: Accés a l'apartat CONTACTE el dia 15/06/2026 a l'hora 23:32:43
161 :: Accés a l'apartat CONTACTE el dia 15/06/2026 a l'hora 23:36:19
162 :: Accés a l'apartat REGISTRE el dia 15/06/2026 a l'hora 23:36:21
163 :: Accés a l'apartat INICI el dia 15/06/2026 a l'hora 23:36:27
164 :: Accés a l'apartat INICI el dia 15/06/2026 a l'hora 23:36:32
165 :: Accés a l'apartat INICI el dia 15/06/2026 a l'hora 23:36:39
166 :: Accés a l'apartat INICI el dia 15/06/2026 a l'hora 23:37:09
167 :: Accés a l'apartat INICI el dia 15/06/2026 a l'hora 23:37:14
168 :: Accés a l'apartat INICI el dia 15/06/2026 a l'hora 23:39:16
169 :: Accés a l'apartat INICI el dia 15/06/2026 a l'hora 23:39:19
170 :: Accés a l'apartat INICI el dia 15/06/2026 a l'hora 23:39:39
171 :: Accés a l'apartat INICI el dia 15/06/2026 a l'hora 23:41:07
172 :: Accés a l'apartat INICI el dia 15/06/2026 a l'hora 23:41:14
173 :: Accés a l'apartat INICI el dia 15/06/2026 a l'hora 23:41:17
174 :: Accés a l'apartat INICI el dia 15/06/2026 a l'hora 23:41:19
175 :: Accés a l'apartat REGISTRE el dia 15/06/2026 a l'hora 23:41:24
176 :: Accés a l'apartat REGISTRE el dia 15/06/2026 a l'hora 23:41:28
177 :: Accés a l'apartat REGISTRE el dia 15/06/2026 a l'hora 23:44:58
178 :: Accés a l'apartat REGISTRE el dia 15/06/2026 a l'hora 23:44:59
179 :: Accés a l'apartat REGISTRE el dia 15/06/2026 a l'hora 23:45:00
180 :: Accés a l'apartat REGISTRE el dia 15/06/2026 a l'hora 23:45:00
181 :: Accés a l'apartat REGISTRE el dia 15/06/2026 a l'hora 23:45:00
182 :: Accés a l'apartat REGISTRE el dia 15/06/2026 a l'hora 23:45:02
183 :: Accés a l'apartat REGISTRE el dia 15/06/2026 a l'hora 23:46:21
184 :: Accés a l'apartat REGISTRE el dia 15/06/2026 a l'hora 23:46:22
185 :: Accés a l'apartat REGISTRE el dia 15/06/2026 a l'hora 23:47:44
186 :: Accés a l'apartat REGISTRE el dia 15/06/2026 a l'hora 23:47:48
187 :: Accés a l'apartat REGISTRE el dia 15/06/2026 a l'hora 23:47:48
188 :: Accés a l'apartat REGISTRE el dia 15/06/2026 a l'hora 23:47:51
189 :: Accés a l'apartat REGISTRE el dia 15/06/2026 a l'hora 23:51:42
190 :: Accés a l'apartat REGISTRE el dia 15/06/2026 a l'hora 23:51:45
191 :: Accés a l'apartat REGISTRE el dia 15/06/2026 a l'hora 23:52:50
192 :: Accés a l'apartat REGISTRE el dia 15/06/2026 a l'hora 23:53:56
193 :: Accés a l'apartat REGISTRE el dia 15/06/2026 a l'hora 23:54:55
194 :: Accés a l'apartat REGISTRE el dia 15/06/2026 a l'hora 23:55:15
195 :: Accés a l'apartat REGISTRE el dia 15/06/2026 a l'hora 23:55:18
196 :: Accés a l'apartat REGISTRE el dia 15/06/2026 a l'hora 23:55:18
197 :: Accés a l'apartat REGISTRE el dia 15/06/2026 a l'hora 23:55:19
198 :: Accés a l'apartat REGISTRE el dia 15/06/2026 a l'hora 23:55:22
199 :: Accés a l'apartat REGISTRE el dia 15/06/2026 a l'hora 23:55:24
200 :: Accés a l'apartat REGISTRE el dia 15/06/2026 a l'hora 23:55:25
201 :: Accés a l'apartat CONTACTE el dia 15/06/2026 a l'hora 23:55:31
202 :: Accés a l'apartat APADRINA el dia 15/06/2026 a l'hora 23:55:31
203 :: Accés a l'apartat INICI el dia 15/06/2026 a l'hora 23:55:33
204 :: Accés a l'apartat REGISTRE el dia 15/06/2026 a l'hora 23:55:33
205 :: Accés a l'apartat CONTACTE el dia 15/06/2026 a l'hora 23:55:33
206 :: Accés a l'apartat APADRINA el dia 15/06/2026 a l'hora 23:55:34
207 :: Accés a l'apartat REGISTRE el dia 15/06/2026 a l'hora 23:55:35
208 :: Accés a l'apartat REGISTRE el dia 15/06/2026 a l'hora 23:56:23
209 :: Accés a l'apartat REGISTRE el dia 15/06/2026 a l'hora 23:56:24
210 :: Accés a l'apartat REGISTRE el dia 15/06/2026 a l'hora 23:56:25
211 :: Accés a l'apartat REGISTRE el dia 15/06/2026 a l'hora 23:56:26
212 :: Accés a l'apartat REGISTRE el dia 15/06/2026 a l'hora 23:56:26
213 :: Accés a l'apartat REGISTRE el dia 15/06/2026 a l'hora 23:56:26
214 :: Accés a l'apartat REGISTRE el dia 15/06/2026 a l'hora 23:56:28
215 :: Accés a l'apartat REGISTRE el dia 15/06/2026 a l'hora 23:56:30
216 :: Accés a l'apartat REGISTRE el dia 15/06/2026 a l'hora 23:56:31
217 :: Accés a l'apartat REGISTRE el dia 15/06/2026 a l'hora 23:56:32
218 :: Accés a l'apartat REGISTRE el dia 15/06/2026 a l'hora 23:57:30
219 :: Accés a l'apartat REGISTRE el dia 15/06/2026 a l'hora 23:57:31
220 :: Accés a l'apartat REGISTRE el dia 15/06/2026 a l'hora 23:57:32
221 :: Accés a l'apartat REGISTRE el dia 15/06/2026 a l'hora 23:57:32
222 :: Accés a l'apartat REGISTRE el dia 15/06/2026 a l'hora 23:57:33
223 :: Accés a l'apartat REGISTRE el dia 15/06/2026 a l'hora 23:57:33
224 :: Accés a l'apartat REGISTRE el dia 15/06/2026 a l'hora 23:57:34
225 :: Accés a l'apartat REGISTRE el dia 15/06/2026 a l'hora 23:57:38
226 :: Accés a l'apartat REGISTRE el dia 15/06/2026 a l'hora 23:57:39
227 :: Accés a l'apartat CONTACTE el dia 15/06/2026 a l'hora 23:57:44
228 :: Accés a l'apartat CONTACTE el dia 15/06/2026 a l'hora 23:57:46
229 :: Accés a l'apartat CONTACTE el dia 15/06/2026 a l'hora 23:59:14
230 :: Accés a l'apartat INICI el dia 15/06/2026 a l'hora 23:59:15
231 :: Accés a l'apartat INICI el dia 15/06/2026 a l'hora 23:59:19
232 :: Accés a l'apartat REGISTRE el dia 15/06/2026 a l'hora 23:59:21
233 :: Accés a l'apartat CONTACTE el dia 15/06/2026 a l'hora 23:59:21
234 :: Accés a l'apartat APADRINA el dia 15/06/2026 a l'hora 23:59:22
235 :: Accés a l'apartat APADRINA el dia 15/06/2026 a l'hora 23:59:25
236 :: Accés a l'apartat REGISTRE el dia 15/06/2026 a l'hora 23:59:28
237 :: Accés a l'apartat INICI el dia 15/06/2026 a l'hora 23:59:28
238 :: Accés a l'apartat REGISTRE el dia 15/06/2026 a l'hora 23:59:30
239 :: Accés a l'apartat INICI el dia 15/06/2026 a l'hora 23:59:30
240 :: Accés a l'apartat INICI el dia 15/06/2026 a l'hora 23:59:34
241 :: Accés a l'apartat INICI el dia 16/06/2026 a l'hora 00:05:42
242 :: Accés a l'apartat INICI el dia 16/06/2026 a l'hora 00:05:44
243 :: Accés a l'apartat INICI el dia 16/06/2026 a l'hora 00:05:44
244 :: Accés a l'apartat INICI el dia 16/06/2026 a l'hora 00:05:44
245 :: Accés a l'apartat REGISTRE el dia 16/06/2026 a l'hora 00:05:46
246 :: Accés a l'apartat CONTACTE el dia 16/06/2026 a l'hora 00:05:47
247 :: Accés a l'apartat APADRINA el dia 16/06/2026 a l'hora 00:05:47
248 :: Accés a l'apartat INICI el dia 16/06/2026 a l'hora 00:05:48
249 :: Accés a l'apartat INICI el dia 16/06/2026 a l'hora 00:05:51
250 :: Accés a l'apartat INICI el dia 16/06/2026 a l'hora 00:05:54
251 :: Accés a l'apartat INICI el dia 16/06/2026 a l'hora 00:06:08
252 :: Accés a l'apartat REGISTRE el dia 16/06/2026 a l'hora 00:06:12
253 :: Accés a l'apartat CONTACTE el dia 16/06/2026 a l'hora 00:06:12
254 :: Accés a l'apartat APADRINA el dia 16/06/2026 a l'hora 00:06:13
255 :: Accés a l'apartat INICI el dia 16/06/2026 a l'hora 00:06:14
256 :: Accés a l'apartat INICI el dia 16/06/2026 a l'hora 00:06:27
257 :: Accés a l'apartat INICI el dia 16/06/2026 a l'hora 00:06:28
258 :: Accés a l'apartat INICI el dia 16/06/2026 a l'hora 00:06:40
259 :: Accés a l'apartat INICI el dia 16/06/2026 a l'hora 00:06:43
260 :: Accés a l'apartat INICI el dia 16/06/2026 a l'hora 00:06:45
261 :: Accés a l'apartat REGISTRE el dia 16/06/2026 a l'hora 00:06:46
262 :: Accés a l'apartat CONTACTE el dia 16/06/2026 a l'hora 00:06:46
263 :: Accés a l'apartat APADRINA el dia 16/06/2026 a l'hora 00:06:47
264 :: Accés a l'apartat INICI el dia 16/06/2026 a l'hora 00:06:47
265 :: Accés a l'apartat INICI el dia 16/06/2026 a l'hora 00:07:45
266 :: Accés a l'apartat INICI el dia 16/06/2026 a l'hora 00:07:46
267 :: Accés a l'apartat INICI el dia 16/06/2026 a l'hora 00:07:49
268 :: Accés a l'apartat INICI el dia 16/06/2026 a l'hora 00:07:49
269 :: Accés a l'apartat INICI el dia 16/06/2026 a l'hora 00:07:50
270 :: Accés a l'apartat INICI el dia 16/06/2026 a l'hora 00:07:50
271 :: Accés a l'apartat INICI el dia 16/06/2026 a l'hora 00:07:53
272 :: Accés a l'apartat INICI el dia 16/06/2026 a l'hora 00:07:54
273 :: Accés a l'apartat INICI el dia 16/06/2026 a l'hora 00:08:02
274 :: Accés a l'apartat INICI el dia 16/06/2026 a l'hora 00:08:12
275 :: Accés a l'apartat INICI el dia 16/06/2026 a l'hora 00:12:55
276 :: Accés a l'apartat INICI el dia 16/06/2026 a l'hora 00:12:56
277 :: Accés a l'apartat INICI el dia 16/06/2026 a l'hora 00:13:35
278 :: Accés a l'apartat INICI el dia 16/06/2026 a l'hora 00:15:28
279 :: Accés a l'apartat INICI el dia 16/06/2026 a l'hora 00:15:30
280 :: Accés a l'apartat INICI el dia 16/06/2026 a l'hora 00:15:38
281 :: Accés a l'apartat INICI el dia 16/06/2026 a l'hora 00:15:57
282 :: Accés a l'apartat INICI el dia 16/06/2026 a l'hora 00:15:58
283 :: Accés a l'apartat ADMIN el dia 16/06/2026 a l'hora 00:16:10
284 :: Accés a l'apartat INICI el dia 16/06/2026 a l'hora 00:16:13
285 :: Accés a l'apartat ADMIN el dia 16/06/2026 a l'hora 00:16:37
286 :: Accés a l'apartat ADMIN el dia 16/06/2026 a l'hora 00:17:07
287 :: Accés a l'apartat ADMIN el dia 16/06/2026 a l'hora 00:19:46
288 :: Accés a l'apartat ADMIN el dia 16/06/2026 a l'hora 00:20:03
289 :: Accés a l'apartat INICI el dia 16/06/2026 a l'hora 00:20:08
290 :: Accés a l'apartat INICI el dia 16/06/2026 a l'hora 00:21:17
291 :: Accés a l'apartat INICI el dia 16/06/2026 a l'hora 00:21:31
292 :: Accés a l'apartat INICI el dia 16/06/2026 a l'hora 00:21:41
293 :: Accés a l'apartat INICI el dia 16/06/2026 a l'hora 00:22:05
294 :: Accés a l'apartat INICI el dia 16/06/2026 a l'hora 00:22:05
295 :: Accés a l'apartat INICI el dia 16/06/2026 a l'hora 00:22:05
296 :: Accés a l'apartat INICI el dia 16/06/2026 a l'hora 00:22:09
297 :: Accés a l'apartat INICI el dia 16/06/2026 a l'hora 00:22:09
298 :: Accés a l'apartat INICI el dia 16/06/2026 a l'hora 00:22:10
299 :: Accés a l'apartat INICI el dia 16/06/2026 a l'hora 00:22:14
300 :: Accés a l'apartat ADMIN el dia 16/06/2026 a l'hora 00:23:47
301 :: Accés a l'apartat INICI el dia 16/06/2026 a l'hora 00:23:54
302 :: Accés a l'apartat INICI el dia 16/06/2026 a l'hora 00:30:13
303 :: Accés a l'apartat INICI el dia 16/06/2026 a l'hora 00:30:14
304 :: Accés a l'apartat INICI el dia 16/06/2026 a l'hora 00:30:14
305 :: Accés a l'apartat REGISTRE el dia 16/06/2026 a l'hora 00:30:15
306 :: Accés a l'apartat INICI el dia 16/06/2026 a l'hora 00:30:15
307 :: Accés a l'apartat INICI el dia 16/06/2026 a l'hora 00:30:18
308 :: Accés a l'apartat CONTACTE el dia 16/06/2026 a l'hora 00:30:22
309 :: Accés a l'apartat INICI el dia 16/06/2026 a l'hora 00:30:23
310 :: Accés a l'apartat APADRINA el dia 16/06/2026 a l'hora 00:30:24
311 :: Accés a l'apartat INICI el dia 16/06/2026 a l'hora 00:30:24
312 :: Accés a l'apartat CONTACTE el dia 16/06/2026 a l'hora 00:30:25
313 :: Accés a l'apartat INICI el dia 16/06/2026 a l'hora 00:30:26
314 :: Accés a l'apartat INICI el dia 16/06/2026 a l'hora 00:34:58
315 :: Accés a l'apartat REGISTRE el dia 16/06/2026 a l'hora 00:35:15
316 :: Accés a l'apartat REGISTRE el dia 16/06/2026 a l'hora 00:36:08
317 :: Accés a l'apartat REGISTRE el dia 16/06/2026 a l'hora 00:37:01
318 :: Accés a l'apartat REGISTRE el dia 16/06/2026 a l'hora 00:43:19
319 :: Accés a l'apartat REGISTRE el dia 16/06/2026 a l'hora 00:43:44
320 :: Accés a l'apartat REGISTRE el dia 16/06/2026 a l'hora 00:45:05
321 :: Accés a l'apartat REGISTRE el dia 16/06/2026 a l'hora 00:45:05
322 :: Accés a l'apartat REGISTRE el dia 16/06/2026 a l'hora 00:45:06
323 :: Accés a l'apartat REGISTRE el dia 16/06/2026 a l'hora 00:45:06
324 :: Accés a l'apartat REGISTRE el dia 16/06/2026 a l'hora 00:45:19
325 :: Accés a l'apartat CONTACTE el dia 16/06/2026 a l'hora 00:45:25
326 :: Accés a l'apartat APADRINA el dia 16/06/2026 a l'hora 00:45:25
327 :: Accés a l'apartat INICI el dia 16/06/2026 a l'hora 00:45:26
328 :: Accés a l'apartat INICI el dia 16/06/2026 a l'hora 00:45:33
329 :: Accés a l'apartat REGISTRE el dia 16/06/2026 a l'hora 00:46:35
330 :: Accés a l'apartat ADMIN el dia 16/06/2026 a l'hora 00:47:21
331 :: Accés a l'apartat ADMIN el dia 16/06/2026 a l'hora 00:47:25
332 :: Accés a l'apartat ADMIN el dia 16/06/2026 a l'hora 00:47:27
333 :: Accés a l'apartat INICI el dia 16/06/2026 a l'hora 00:47:28
334 :: Accés a l'apartat INICI el dia 16/06/2026 a l'hora 00:47:33
335 :: Accés a l'apartat REGISTRE el dia 16/06/2026 a l'hora 00:47:33
336 :: Accés a l'apartat CONTACTE el dia 16/06/2026 a l'hora 00:47:34
337 :: Accés a l'apartat APADRINA el dia 16/06/2026 a l'hora 00:47:34
338 :: Accés a l'apartat INICI el dia 16/06/2026 a l'hora 00:47:38
339 :: Accés a l'apartat REGISTRE el dia 16/06/2026 a l'hora 00:47:45
340 :: Accés a l'apartat REGISTRE el dia 16/06/2026 a l'hora 00:47:55
341 :: Accés a l'apartat REGISTRE el dia 16/06/2026 a l'hora 00:49:18
342 :: Accés a l'apartat CONTACTE el dia 16/06/2026 a l'hora 00:49:21
343 :: Accés a l'apartat APADRINA el dia 16/06/2026 a l'hora 00:49:21
344 :: Accés a l'apartat INICI el dia 16/06/2026 a l'hora 00:49:22
345 :: Accés a l'apartat REGISTRE el dia 16/06/2026 a l'hora 00:49:23
346 :: Accés a l'apartat REGISTRE el dia 16/06/2026 a l'hora 00:52:53
347 :: Accés a l'apartat REGISTRE el dia 16/06/2026 a l'hora 00:52:54
348 :: Accés a l'apartat CONTACTE el dia 16/06/2026 a l'hora 00:53:53
349 :: Accés a l'apartat INICI el dia 16/06/2026 a l'hora 00:54:00
350 :: Accés a l'apartat REGISTRE el dia 16/06/2026 a l'hora 00:54:01
351 :: Accés a l'apartat REGISTRE el dia 16/06/2026 a l'hora 00:54:37
352 :: Accés a l'apartat REGISTRE el dia 16/06/2026 a l'hora 00:54:42
353 :: Accés a l'apartat REGISTRE el dia 16/06/2026 a l'hora 00:54:43
354 :: Accés a l'apartat APADRINA el dia 16/06/2026 a l'hora 00:54:44
355 :: Accés a l'apartat INICI el dia 16/06/2026 a l'hora 00:54:45
356 :: Accés a l'apartat INICI el dia 16/06/2026 a l'hora 00:54:47
357 :: Accés a l'apartat ADMIN el dia 16/06/2026 a l'hora 00:55:05
358 :: Accés a l'apartat ADMIN el dia 16/06/2026 a l'hora 01:01:07
359 :: Accés a l'apartat ADMIN el dia 16/06/2026 a l'hora 01:04:38
360 :: Accés a l'apartat ADMIN el dia 16/06/2026 a l'hora 01:08:03
361 :: Accés a l'apartat ADMIN el dia 16/06/2026 a l'hora 01:08:52
362 :: Accés a l'apartat ADMIN el dia 16/06/2026 a l'hora 01:09:11
363 :: Accés a l'apartat ADMIN el dia 16/06/2026 a l'hora 01:10:13
364 :: Accés a l'apartat ADMIN el dia 16/06/2026 a l'hora 01:14:22
365 :: Accés a l'apartat ADMIN el dia 16/06/2026 a l'hora 01:14:43
366 :: Accés a l'apartat ADMIN el dia 16/06/2026 a l'hora 01:15:39
367 :: Accés a l'apartat ADMIN el dia 16/06/2026 a l'hora 01:15:54
368 :: Accés a l'apartat ADMIN el dia 16/06/2026 a l'hora 01:16:06
369 :: Accés a l'apartat ADMIN el dia 16/06/2026 a l'hora 01:16:41
370 :: Accés a l'apartat ADMIN el dia 16/06/2026 a l'hora 01:17:32
