1 :: Accés a l'apartat INICI el dia 16/06/2026 a l'hora 03:35:17
2 :: Accés a l'apartat REGISTRE el dia 16/06/2026 a l'hora 03:35:17
3 :: Accés a l'apartat CONTACTE el dia 16/06/2026 a l'hora 03:35:41
4 :: Accés a l'apartat REGISTRE el dia 16/06/2026 a l'hora 03:39:48
5 :: Accés a l'apartat REGISTRE el dia 16/06/2026 a l'hora 03:40:03
6 :: Accés a l'apartat REGISTRE el dia 16/06/2026 a l'hora 03:42:21
7 :: Accés a l'apartat REGISTRE el dia 16/06/2026 a l'hora 03:42:25
8 :: Accés a l'apartat INICI el dia 16/06/2026 a l'hora 03:42:28
9 :: Accés a l'apartat INICI el dia 16/06/2026 a l'hora 03:42:31
10 :: Accés a l'apartat INICI el dia 16/06/2026 a l'hora 03:42:31
11 :: Accés a l'apartat INICI el dia 16/06/2026 a l'hora 03:42:31
12 :: Accés a l'apartat INICI el dia 16/06/2026 a l'hora 03:42:31
13 :: Accés a l'apartat INICI el dia 16/06/2026 a l'hora 03:42:31
14 :: Accés a l'apartat INICI el dia 16/06/2026 a l'hora 03:42:35
15 :: Accés a l'apartat INICI el dia 16/06/2026 a l'hora 03:43:21
16 :: Accés a l'apartat INICI el dia 16/06/2026 a l'hora 03:43:21
17 :: Accés a l'apartat INICI el dia 16/06/2026 a l'hora 03:43:22
18 :: Accés a l'apartat INICI el dia 16/06/2026 a l'hora 03:43:22
19 :: Accés a l'apartat INICI el dia 16/06/2026 a l'hora 03:43:22
20 :: Accés a l'apartat INICI el dia 16/06/2026 a l'hora 03:44:11
21 :: Accés a l'apartat INICI el dia 16/06/2026 a l'hora 03:44:11
22 :: Accés a l'apartat INICI el dia 16/06/2026 a l'hora 03:44:16
23 :: Accés a l'apartat INICI el dia 16/06/2026 a l'hora 03:44:16
24 :: Accés a l'apartat INICI el dia 16/06/2026 a l'hora 03:44:49
25 :: Accés a l'apartat INICI el dia 16/06/2026 a l'hora 03:44:49
26 :: Accés a l'apartat INICI el dia 16/06/2026 a l'hora 03:44:50
27 :: Accés a l'apartat INICI el dia 16/06/2026 a l'hora 03:44:50
28 :: Accés a l'apartat INICI el dia 16/06/2026 a l'hora 03:45:01
29 :: Accés a l'apartat INICI el dia 16/06/2026 a l'hora 03:45:01
30 :: Accés a l'apartat INICI el dia 16/06/2026 a l'hora 03:45:17
31 :: Accés a l'apartat INICI el dia 16/06/2026 a l'hora 03:45:17
32 :: Accés a l'apartat INICI el dia 16/06/2026 a l'hora 03:45:18
33 :: Accés a l'apartat INICI el dia 16/06/2026 a l'hora 03:45:18
34 :: Accés a l'apartat INICI el dia 16/06/2026 a l'hora 03:45:18
35 :: Accés a l'apartat INICI el dia 16/06/2026 a l'hora 03:45:18
36 :: Accés a l'apartat INICI el dia 16/06/2026 a l'hora 03:46:11
37 :: Accés a l'apartat INICI el dia 16/06/2026 a l'hora 03:46:11
38 :: Accés a l'apartat INICI el dia 16/06/2026 a l'hora 03:48:06
39 :: Accés a l'apartat INICI el dia 16/06/2026 a l'hora 03:48:06
40 :: Accés a l'apartat INICI el dia 16/06/2026 a l'hora 03:48:36
41 :: Accés a l'apartat INICI el dia 16/06/2026 a l'hora 03:48:36
42 :: Accés a l'apartat INICI el dia 16/06/2026 a l'hora 03:49:05
43 :: Accés a l'apartat INICI el dia 16/06/2026 a l'hora 03:49:07
44 :: Accés a l'apartat INICI el dia 16/06/2026 a l'hora 03:50:27
45 :: Accés a l'apartat INICI el dia 16/06/2026 a l'hora 03:50:31
46 :: Accés a l'apartat INICI el dia 16/06/2026 a l'hora 03:50:37
47 :: Accés a l'apartat INICI el dia 16/06/2026 a l'hora 03:52:27
48 :: Accés a l'apartat INICI el dia 16/06/2026 a l'hora 03:52:27
49 :: Accés a l'apartat INICI el dia 16/06/2026 a l'hora 03:52:33
50 :: Accés a l'apartat INICI el dia 16/06/2026 a l'hora 03:52:33
51 :: Accés a l'apartat INICI el dia 16/06/2026 a l'hora 03:53:25
52 :: Accés a l'apartat INICI el dia 16/06/2026 a l'hora 03:53:25
53 :: Accés a l'apartat INICI el dia 16/06/2026 a l'hora 03:53:34
54 :: Accés a l'apartat INICI el dia 16/06/2026 a l'hora 03:53:34
55 :: Accés a l'apartat INICI el dia 16/06/2026 a l'hora 03:53:43
56 :: Accés a l'apartat INICI el dia 16/06/2026 a l'hora 03:53:43
57 :: Accés a l'apartat ADMIN el dia 16/06/2026 a l'hora 03:55:01
58 :: Accés a l'apartat ADMIN el dia 16/06/2026 a l'hora 03:55:01
59 :: Accés a l'apartat ADMIN el dia 16/06/2026 a l'hora 03:55:30
60 :: Accés a l'apartat ADMIN el dia 16/06/2026 a l'hora 03:55:30
61 :: Accés a l'apartat ADMIN el dia 16/06/2026 a l'hora 03:55:36
62 :: Accés a l'apartat ADMIN el dia 16/06/2026 a l'hora 03:55:36
63 :: Accés a l'apartat ADMIN el dia 16/06/2026 a l'hora 03:55:54
64 :: Accés a l'apartat ADMIN el dia 16/06/2026 a l'hora 03:55:54
65 :: Accés a l'apartat ADMIN el dia 16/06/2026 a l'hora 03:55:59
66 :: Accés a l'apartat ADMIN el dia 16/06/2026 a l'hora 03:55:59
67 :: Accés a l'apartat INICI el dia 16/06/2026 a l'hora 03:57:47
68 :: Accés a l'apartat INICI el dia 16/06/2026 a l'hora 03:57:47
69 :: Accés a l'apartat CONTACTE el dia 16/06/2026 a l'hora 03:57:48
70 :: Accés a l'apartat CONTACTE el dia 16/06/2026 a l'hora 03:57:48
71 :: Accés a l'apartat REGISTRE el dia 16/06/2026 a l'hora 03:57:49
72 :: Accés a l'apartat REGISTRE el dia 16/06/2026 a l'hora 03:58:03
73 :: Accés a l'apartat REGISTRE el dia 16/06/2026 a l'hora 03:58:03
74 :: Accés a l'apartat REGISTRE el dia 16/06/2026 a l'hora 03:58:12
75 :: Accés a l'apartat REGISTRE el dia 16/06/2026 a l'hora 03:58:14
76 :: Accés a l'apartat REGISTRE el dia 16/06/2026 a l'hora 03:58:14
77 :: Accés a l'apartat ADMIN el dia 16/06/2026 a l'hora 03:58:32
78 :: Accés a l'apartat ADMIN el dia 16/06/2026 a l'hora 03:58:32
79 :: Accés a l'apartat ADMIN el dia 16/06/2026 a l'hora 03:58:37
80 :: Accés a l'apartat ADMIN el dia 16/06/2026 a l'hora 03:58:37
81 :: Accés a l'apartat ADMIN el dia 16/06/2026 a l'hora 04:05:54
82 :: Accés a l'apartat ADMIN el dia 16/06/2026 a l'hora 04:05:54
83 :: Accés a l'apartat ADMIN el dia 16/06/2026 a l'hora 04:05:54
84 :: Accés a l'apartat ADMIN el dia 16/06/2026 a l'hora 04:05:54
85 :: Accés a l'apartat ADMIN el dia 16/06/2026 a l'hora 04:06:07
86 :: Accés a l'apartat ADMIN el dia 16/06/2026 a l'hora 04:06:07
87 :: Accés a l'apartat INICI el dia 16/06/2026 a l'hora 04:06:13
88 :: Accés a l'apartat INICI el dia 16/06/2026 a l'hora 04:06:13
89 :: Accés a l'apartat INICI el dia 16/06/2026 a l'hora 04:06:14
90 :: Accés a l'apartat INICI el dia 16/06/2026 a l'hora 04:06:14
91 :: Accés a l'apartat INICI el dia 16/06/2026 a l'hora 04:06:15
92 :: Accés a l'apartat REGISTRE el dia 16/06/2026 a l'hora 04:06:20
93 :: Accés a l'apartat REGISTRE el dia 16/06/2026 a l'hora 04:06:26
94 :: Accés a l'apartat REGISTRE el dia 16/06/2026 a l'hora 04:07:03
95 :: Accés a l'apartat CONTACTE el dia 16/06/2026 a l'hora 04:07:10
96 :: Accés a l'apartat CONTACTE el dia 16/06/2026 a l'hora 04:07:10
97 :: Accés a l'apartat CONTACTE el dia 16/06/2026 a l'hora 04:07:14
98 :: Accés a l'apartat CONTACTE el dia 16/06/2026 a l'hora 04:07:25
99 :: Accés a l'apartat INICI el dia 16/06/2026 a l'hora 04:07:30
100 :: Accés a l'apartat INICI el dia 16/06/2026 a l'hora 04:07:30
101 :: Accés a l'apartat INICI el dia 16/06/2026 a l'hora 04:07:35
102 :: Accés a l'apartat INICI el dia 16/06/2026 a l'hora 04:07:35
103 :: Accés a l'apartat INICI el dia 16/06/2026 a l'hora 04:07:45
104 :: Accés a l'apartat INICI el dia 16/06/2026 a l'hora 04:07:45
105 :: Accés a l'apartat ADMIN el dia 16/06/2026 a l'hora 04:08:01
106 :: Accés a l'apartat ADMIN el dia 16/06/2026 a l'hora 04:08:01
107 :: Accés a l'apartat ADMIN el dia 16/06/2026 a l'hora 04:08:07
108 :: Accés a l'apartat ADMIN el dia 16/06/2026 a l'hora 04:08:08
109 :: Accés a l'apartat ADMIN el dia 16/06/2026 a l'hora 04:09:32
110 :: Accés a l'apartat ADMIN el dia 16/06/2026 a l'hora 04:09:52
111 :: Accés a l'apartat ADMIN el dia 16/06/2026 a l'hora 04:09:54
112 :: Accés a l'apartat ADMIN el dia 16/06/2026 a l'hora 04:09:54
113 :: Accés a l'apartat ADMIN el dia 16/06/2026 a l'hora 04:12:15
114 :: Accés a l'apartat ADMIN el dia 16/06/2026 a l'hora 04:12:15
115 :: Accés a l'apartat ADMIN el dia 16/06/2026 a l'hora 04:12:17
116 :: Accés a l'apartat ADMIN el dia 16/06/2026 a l'hora 04:12:17
117 :: Accés a l'apartat ADMIN el dia 16/06/2026 a l'hora 04:12:18
118 :: Accés a l'apartat INICI el dia 16/06/2026 a l'hora 04:12:19
119 :: Accés a l'apartat REGISTRE el dia 16/06/2026 a l'hora 04:12:21
120 :: Accés a l'apartat REGISTRE el dia 16/06/2026 a l'hora 04:12:21
121 :: Accés a l'apartat ADMIN el dia 16/06/2026 a l'hora 04:12:38
122 :: Accés a l'apartat ADMIN el dia 16/06/2026 a l'hora 04:12:38
123 :: Accés a l'apartat ADMIN el dia 16/06/2026 a l'hora 04:12:48
124 :: Accés a l'apartat ADMIN el dia 16/06/2026 a l'hora 04:12:48
125 :: Accés a l'apartat INICI el dia 16/06/2026 a l'hora 04:22:57
126 :: Accés a l'apartat INICI el dia 16/06/2026 a l'hora 04:22:57
127 :: Accés a l'apartat INICI el dia 16/06/2026 a l'hora 04:22:59
128 :: Accés a l'apartat INICI el dia 16/06/2026 a l'hora 04:22:59
129 :: Accés a l'apartat INICI el dia 16/06/2026 a l'hora 04:22:59
130 :: Accés a l'apartat INICI el dia 16/06/2026 a l'hora 04:22:59
131 :: Accés a l'apartat INICI el dia 16/06/2026 a l'hora 04:23:05
132 :: Accés a l'apartat ADMIN el dia 16/06/2026 a l'hora 04:23:14
133 :: Accés a l'apartat ADMIN el dia 16/06/2026 a l'hora 04:23:14
134 :: Accés a l'apartat INICI el dia 16/06/2026 a l'hora 04:23:16
135 :: Accés a l'apartat INICI el dia 16/06/2026 a l'hora 04:23:16
136 :: Accés a l'apartat INICI el dia 16/06/2026 a l'hora 04:29:02
137 :: Accés a l'apartat INICI el dia 16/06/2026 a l'hora 04:29:02
138 :: Accés a l'apartat ADMIN el dia 16/06/2026 a l'hora 04:29:12
139 :: Accés a l'apartat ADMIN el dia 16/06/2026 a l'hora 04:29:13
140 :: Accés a l'apartat ADMIN el dia 16/06/2026 a l'hora 04:30:01
141 :: Accés a l'apartat ADMIN el dia 16/06/2026 a l'hora 04:30:01
142 :: Accés a l'apartat ADMIN el dia 16/06/2026 a l'hora 04:30:10
143 :: Accés a l'apartat ADMIN el dia 16/06/2026 a l'hora 04:30:10
144 :: Accés a l'apartat ADMIN el dia 16/06/2026 a l'hora 04:30:23
145 :: Accés a l'apartat ADMIN el dia 16/06/2026 a l'hora 04:30:23
146 :: Accés a l'apartat ADMIN el dia 16/06/2026 a l'hora 04:30:30
147 :: Accés a l'apartat ADMIN el dia 16/06/2026 a l'hora 04:30:37
148 :: Accés a l'apartat ADMIN el dia 16/06/2026 a l'hora 04:30:37
149 :: Accés a l'apartat ADMIN el dia 16/06/2026 a l'hora 04:31:00
150 :: Accés a l'apartat ADMIN el dia 16/06/2026 a l'hora 04:31:10
151 :: Accés a l'apartat ADMIN el dia 16/06/2026 a l'hora 04:31:10
152 :: Accés a l'apartat ADMIN el dia 16/06/2026 a l'hora 04:32:10
153 :: Accés a l'apartat ADMIN el dia 16/06/2026 a l'hora 04:32:12
154 :: Accés a l'apartat ADMIN el dia 16/06/2026 a l'hora 04:32:12
155 :: Accés a l'apartat ADMIN el dia 16/06/2026 a l'hora 04:32:43
156 :: Accés a l'apartat ADMIN el dia 16/06/2026 a l'hora 04:32:45
157 :: Accés a l'apartat ADMIN el dia 16/06/2026 a l'hora 04:32:48
158 :: Accés a l'apartat ADMIN el dia 16/06/2026 a l'hora 04:33:05
159 :: Accés a l'apartat ADMIN el dia 16/06/2026 a l'hora 04:33:05
160 :: Accés a l'apartat ADMIN el dia 16/06/2026 a l'hora 04:33:06
161 :: Accés a l'apartat ADMIN el dia 16/06/2026 a l'hora 04:33:06
162 :: Accés a l'apartat ADMIN el dia 16/06/2026 a l'hora 04:33:07
163 :: Accés a l'apartat ADMIN el dia 16/06/2026 a l'hora 04:33:07
164 :: Accés a l'apartat ADMIN el dia 16/06/2026 a l'hora 04:35:01
165 :: Accés a l'apartat ADMIN el dia 16/06/2026 a l'hora 04:35:01
166 :: Accés a l'apartat ADMIN el dia 16/06/2026 a l'hora 04:35:02
167 :: Accés a l'apartat ADMIN el dia 16/06/2026 a l'hora 04:35:02
168 :: Accés a l'apartat ADMIN el dia 16/06/2026 a l'hora 04:35:03
169 :: Accés a l'apartat ADMIN el dia 16/06/2026 a l'hora 04:35:03
170 :: Accés a l'apartat ADMIN el dia 16/06/2026 a l'hora 04:35:04
171 :: Accés a l'apartat ADMIN el dia 16/06/2026 a l'hora 04:35:39
172 :: Accés a l'apartat ADMIN el dia 16/06/2026 a l'hora 04:35:39
173 :: Accés a l'apartat ADMIN el dia 16/06/2026 a l'hora 04:35:57
174 :: Accés a l'apartat ADMIN el dia 16/06/2026 a l'hora 04:35:57
175 :: Accés a l'apartat ADMIN el dia 16/06/2026 a l'hora 04:35:58
176 :: Accés a l'apartat ADMIN el dia 16/06/2026 a l'hora 04:35:58
177 :: Accés a l'apartat ADMIN el dia 16/06/2026 a l'hora 04:35:59
178 :: Accés a l'apartat ADMIN el dia 16/06/2026 a l'hora 04:36:00
179 :: Accés a l'apartat ADMIN el dia 16/06/2026 a l'hora 04:36:06
180 :: Accés a l'apartat ADMIN el dia 16/06/2026 a l'hora 04:36:07
181 :: Accés a l'apartat ADMIN el dia 16/06/2026 a l'hora 04:36:08
182 :: Accés a l'apartat ADMIN el dia 16/06/2026 a l'hora 04:36:08
183 :: Accés a l'apartat ADMIN el dia 16/06/2026 a l'hora 04:36:30
184 :: Accés a l'apartat ADMIN el dia 16/06/2026 a l'hora 04:36:31
185 :: Accés a l'apartat ADMIN el dia 16/06/2026 a l'hora 04:36:31
186 :: Accés a l'apartat ADMIN el dia 16/06/2026 a l'hora 04:36:32
187 :: Accés a l'apartat ADMIN el dia 16/06/2026 a l'hora 04:36:53
188 :: Accés a l'apartat ADMIN el dia 16/06/2026 a l'hora 04:36:54
189 :: Accés a l'apartat ADMIN el dia 16/06/2026 a l'hora 04:36:54
190 :: Accés a l'apartat ADMIN el dia 16/06/2026 a l'hora 04:36:54
191 :: Accés a l'apartat ADMIN el dia 16/06/2026 a l'hora 04:36:54
192 :: Accés a l'apartat ADMIN el dia 16/06/2026 a l'hora 04:36:55
193 :: Accés a l'apartat ADMIN el dia 16/06/2026 a l'hora 04:37:15
194 :: Accés a l'apartat ADMIN el dia 16/06/2026 a l'hora 04:37:17
195 :: Accés a l'apartat ADMIN el dia 16/06/2026 a l'hora 04:37:17
196 :: Accés a l'apartat ADMIN el dia 16/06/2026 a l'hora 04:37:17
197 :: Accés a l'apartat ADMIN el dia 16/06/2026 a l'hora 04:37:18
198 :: Accés a l'apartat ADMIN el dia 16/06/2026 a l'hora 04:37:18
199 :: Accés a l'apartat ADMIN el dia 16/06/2026 a l'hora 04:37:19
200 :: Accés a l'apartat ADMIN el dia 16/06/2026 a l'hora 04:37:35
201 :: Accés a l'apartat ADMIN el dia 16/06/2026 a l'hora 04:37:36
202 :: Accés a l'apartat ADMIN el dia 16/06/2026 a l'hora 04:37:37
203 :: Accés a l'apartat ADMIN el dia 16/06/2026 a l'hora 04:37:37
204 :: Accés a l'apartat ADMIN el dia 16/06/2026 a l'hora 04:37:38
205 :: Accés a l'apartat ADMIN el dia 16/06/2026 a l'hora 04:37:39
206 :: Accés a l'apartat ADMIN el dia 16/06/2026 a l'hora 04:37:39
207 :: Accés a l'apartat ADMIN el dia 16/06/2026 a l'hora 04:37:39
208 :: Accés a l'apartat ADMIN el dia 16/06/2026 a l'hora 04:38:21
209 :: Accés a l'apartat ADMIN el dia 16/06/2026 a l'hora 04:38:23
210 :: Accés a l'apartat ADMIN el dia 16/06/2026 a l'hora 04:38:23
211 :: Accés a l'apartat ADMIN el dia 16/06/2026 a l'hora 04:38:23
212 :: Accés a l'apartat ADMIN el dia 16/06/2026 a l'hora 04:38:24
213 :: Accés a l'apartat ADMIN el dia 16/06/2026 a l'hora 04:38:25
214 :: Accés a l'apartat ADMIN el dia 16/06/2026 a l'hora 04:38:25
215 :: Accés a l'apartat ADMIN el dia 16/06/2026 a l'hora 04:38:26
216 :: Accés a l'apartat ADMIN el dia 16/06/2026 a l'hora 04:38:26
217 :: Accés a l'apartat ADMIN el dia 16/06/2026 a l'hora 04:38:26
218 :: Accés a l'apartat ADMIN el dia 16/06/2026 a l'hora 04:38:27
219 :: Accés a l'apartat ADMIN el dia 16/06/2026 a l'hora 04:38:27
220 :: Accés a l'apartat ADMIN el dia 16/06/2026 a l'hora 04:38:28
221 :: Accés a l'apartat ADMIN el dia 16/06/2026 a l'hora 04:38:32
222 :: Accés a l'apartat ADMIN el dia 16/06/2026 a l'hora 04:38:32
223 :: Accés a l'apartat ADMIN el dia 16/06/2026 a l'hora 04:38:45
224 :: Accés a l'apartat ADMIN el dia 16/06/2026 a l'hora 04:39:03
225 :: Accés a l'apartat ADMIN el dia 16/06/2026 a l'hora 04:39:03
226 :: Accés a l'apartat ADMIN el dia 16/06/2026 a l'hora 04:39:04
227 :: Accés a l'apartat ADMIN el dia 16/06/2026 a l'hora 04:39:05
228 :: Accés a l'apartat ADMIN el dia 16/06/2026 a l'hora 04:39:05
229 :: Accés a l'apartat ADMIN el dia 16/06/2026 a l'hora 04:39:05
230 :: Accés a l'apartat INICI el dia 16/06/2026 a l'hora 04:39:19
231 :: Accés a l'apartat ADMIN el dia 16/06/2026 a l'hora 04:39:27
232 :: Accés a l'apartat ADMIN el dia 16/06/2026 a l'hora 04:39:27
233 :: Accés a l'apartat ADMIN el dia 16/06/2026 a l'hora 04:39:41
234 :: Accés a l'apartat ADMIN el dia 16/06/2026 a l'hora 04:39:41
235 :: Accés a l'apartat ADMIN el dia 16/06/2026 a l'hora 04:39:42
236 :: Accés a l'apartat ADMIN el dia 16/06/2026 a l'hora 04:39:42
237 :: Accés a l'apartat ADMIN el dia 16/06/2026 a l'hora 04:39:43
238 :: Accés a l'apartat ADMIN el dia 16/06/2026 a l'hora 04:39:44
239 :: Accés a l'apartat ADMIN el dia 16/06/2026 a l'hora 04:39:44
240 :: Accés a l'apartat ADMIN el dia 16/06/2026 a l'hora 04:39:44
241 :: Accés a l'apartat ADMIN el dia 16/06/2026 a l'hora 04:39:45
242 :: Accés a l'apartat ADMIN el dia 16/06/2026 a l'hora 04:39:45
243 :: Accés a l'apartat ADMIN el dia 16/06/2026 a l'hora 04:39:45
244 :: Accés a l'apartat ADMIN el dia 16/06/2026 a l'hora 04:39:45
245 :: Accés a l'apartat ADMIN el dia 16/06/2026 a l'hora 04:39:46
246 :: Accés a l'apartat ADMIN el dia 16/06/2026 a l'hora 04:39:46
247 :: Accés a l'apartat ADMIN el dia 16/06/2026 a l'hora 04:39:46
248 :: Accés a l'apartat ADMIN el dia 16/06/2026 a l'hora 04:39:52
249 :: Accés a l'apartat ADMIN el dia 16/06/2026 a l'hora 04:39:52
250 :: Accés a l'apartat ADMIN el dia 16/06/2026 a l'hora 04:39:53
251 :: Accés a l'apartat ADMIN el dia 16/06/2026 a l'hora 04:39:53
252 :: Accés a l'apartat ADMIN el dia 16/06/2026 a l'hora 04:39:53
253 :: Accés a l'apartat ADMIN el dia 16/06/2026 a l'hora 04:39:54
254 :: Accés a l'apartat ADMIN el dia 16/06/2026 a l'hora 04:39:54
255 :: Accés a l'apartat ADMIN el dia 16/06/2026 a l'hora 04:39:54
256 :: Accés a l'apartat ADMIN el dia 16/06/2026 a l'hora 04:39:55
257 :: Accés a l'apartat ADMIN el dia 16/06/2026 a l'hora 04:39:57
258 :: Accés a l'apartat ADMIN el dia 16/06/2026 a l'hora 04:39:57
259 :: Accés a l'apartat ADMIN el dia 16/06/2026 a l'hora 04:40:41
260 :: Accés a l'apartat ADMIN el dia 16/06/2026 a l'hora 04:40:41
261 :: Accés a l'apartat ADMIN el dia 16/06/2026 a l'hora 04:40:41
262 :: Accés a l'apartat ADMIN el dia 16/06/2026 a l'hora 04:40:45
263 :: Accés a l'apartat ADMIN el dia 16/06/2026 a l'hora 04:40:45
264 :: Accés a l'apartat ADMIN el dia 16/06/2026 a l'hora 04:42:38
265 :: Accés a l'apartat ADMIN el dia 16/06/2026 a l'hora 04:42:38
266 :: Accés a l'apartat ADMIN el dia 16/06/2026 a l'hora 04:42:39
267 :: Accés a l'apartat ADMIN el dia 16/06/2026 a l'hora 04:42:40
268 :: Accés a l'apartat ADMIN el dia 16/06/2026 a l'hora 04:42:40
269 :: Accés a l'apartat ADMIN el dia 16/06/2026 a l'hora 04:42:41
270 :: Accés a l'apartat ADMIN el dia 16/06/2026 a l'hora 04:42:42
271 :: Accés a l'apartat ADMIN el dia 16/06/2026 a l'hora 04:43:00
272 :: Accés a l'apartat ADMIN el dia 16/06/2026 a l'hora 04:43:00
273 :: Accés a l'apartat ADMIN el dia 16/06/2026 a l'hora 04:43:01
274 :: Accés a l'apartat ADMIN el dia 16/06/2026 a l'hora 04:43:02
275 :: Accés a l'apartat ADMIN el dia 16/06/2026 a l'hora 04:43:02
276 :: Accés a l'apartat ADMIN el dia 16/06/2026 a l'hora 04:43:02
277 :: Accés a l'apartat ADMIN el dia 16/06/2026 a l'hora 04:43:04
278 :: Accés a l'apartat ADMIN el dia 16/06/2026 a l'hora 04:43:05
279 :: Accés a l'apartat ADMIN el dia 16/06/2026 a l'hora 04:43:06
280 :: Accés a l'apartat ADMIN el dia 16/06/2026 a l'hora 04:43:06
281 :: Accés a l'apartat ADMIN el dia 16/06/2026 a l'hora 04:44:33
282 :: Accés a l'apartat ADMIN el dia 16/06/2026 a l'hora 04:44:33
283 :: Accés a l'apartat ADMIN el dia 16/06/2026 a l'hora 04:44:34
284 :: Accés a l'apartat ADMIN el dia 16/06/2026 a l'hora 04:44:34
285 :: Accés a l'apartat ADMIN el dia 16/06/2026 a l'hora 04:44:38
286 :: Accés a l'apartat ADMIN el dia 16/06/2026 a l'hora 04:44:38
287 :: Accés a l'apartat ADMIN el dia 16/06/2026 a l'hora 04:45:08
288 :: Accés a l'apartat ADMIN el dia 16/06/2026 a l'hora 04:45:42
289 :: Accés a l'apartat ADMIN el dia 16/06/2026 a l'hora 04:45:42
290 :: Accés a l'apartat ADMIN el dia 16/06/2026 a l'hora 04:45:43
291 :: Accés a l'apartat ADMIN el dia 16/06/2026 a l'hora 04:45:43
292 :: Accés a l'apartat ADMIN el dia 16/06/2026 a l'hora 04:45:43
293 :: Accés a l'apartat ADMIN el dia 16/06/2026 a l'hora 04:45:44
294 :: Accés a l'apartat ADMIN el dia 16/06/2026 a l'hora 04:45:44
295 :: Accés a l'apartat ADMIN el dia 16/06/2026 a l'hora 04:46:53
296 :: Accés a l'apartat ADMIN el dia 16/06/2026 a l'hora 04:46:53
297 :: Accés a l'apartat ADMIN el dia 16/06/2026 a l'hora 04:47:43
298 :: Accés a l'apartat ADMIN el dia 16/06/2026 a l'hora 04:48:08
299 :: Accés a l'apartat ADMIN el dia 16/06/2026 a l'hora 04:48:08
300 :: Accés a l'apartat INICI el dia 16/06/2026 a l'hora 05:09:54
301 :: Accés a l'apartat INICI el dia 16/06/2026 a l'hora 05:09:54
302 :: Accés a l'apartat ADMIN el dia 16/06/2026 a l'hora 05:10:33
303 :: Accés a l'apartat ADMIN el dia 16/06/2026 a l'hora 05:10:33
304 :: Accés a l'apartat ADMIN el dia 16/06/2026 a l'hora 05:10:39
305 :: Accés a l'apartat ADMIN el dia 16/06/2026 a l'hora 05:10:39
306 :: Accés a l'apartat ADMIN el dia 16/06/2026 a l'hora 05:10:41
307 :: Accés a l'apartat ADMIN el dia 16/06/2026 a l'hora 05:10:42
308 :: Accés a l'apartat ADMIN el dia 16/06/2026 a l'hora 05:10:44
309 :: Accés a l'apartat ADMIN el dia 16/06/2026 a l'hora 05:10:46
310 :: Accés a l'apartat ADMIN el dia 16/06/2026 a l'hora 05:10:46
311 :: Accés a l'apartat ADMIN el dia 16/06/2026 a l'hora 05:10:47
312 :: Accés a l'apartat ADMIN el dia 16/06/2026 a l'hora 05:13:33
313 :: Accés a l'apartat ADMIN el dia 16/06/2026 a l'hora 05:13:33
314 :: Accés a l'apartat ADMIN el dia 16/06/2026 a l'hora 05:14:03
315 :: Accés a l'apartat ADMIN el dia 16/06/2026 a l'hora 05:14:03
316 :: Accés a l'apartat ADMIN el dia 16/06/2026 a l'hora 05:14:44
317 :: Accés a l'apartat ADMIN el dia 16/06/2026 a l'hora 05:14:45
318 :: Accés a l'apartat ADMIN el dia 16/06/2026 a l'hora 05:14:59
319 :: Accés a l'apartat ADMIN el dia 16/06/2026 a l'hora 05:14:59
320 :: Accés a l'apartat ADMIN el dia 16/06/2026 a l'hora 05:15:12
321 :: Accés a l'apartat ADMIN el dia 16/06/2026 a l'hora 05:15:12
322 :: Accés a l'apartat ADMIN el dia 16/06/2026 a l'hora 05:15:44
323 :: Accés a l'apartat ADMIN el dia 16/06/2026 a l'hora 05:15:44
324 :: Accés a l'apartat ADMIN el dia 16/06/2026 a l'hora 05:16:33
325 :: Accés a l'apartat ADMIN el dia 16/06/2026 a l'hora 05:16:44
326 :: Accés a l'apartat ADMIN el dia 16/06/2026 a l'hora 05:16:46
327 :: Accés a l'apartat ADMIN el dia 16/06/2026 a l'hora 05:18:36
328 :: Accés a l'apartat ADMIN el dia 16/06/2026 a l'hora 05:18:36
329 :: Accés a l'apartat ADMIN el dia 16/06/2026 a l'hora 05:18:59
330 :: Accés a l'apartat ADMIN el dia 16/06/2026 a l'hora 05:20:02
331 :: Accés a l'apartat ADMIN el dia 16/06/2026 a l'hora 05:20:02
332 :: Accés a l'apartat ADMIN el dia 16/06/2026 a l'hora 05:20:03
333 :: Accés a l'apartat ADMIN el dia 16/06/2026 a l'hora 05:20:03
334 :: Accés a l'apartat ADMIN el dia 16/06/2026 a l'hora 05:22:35
335 :: Accés a l'apartat ADMIN el dia 16/06/2026 a l'hora 05:22:35
336 :: Accés a l'apartat ADMIN el dia 16/06/2026 a l'hora 05:23:29
337 :: Accés a l'apartat ADMIN el dia 16/06/2026 a l'hora 05:23:29
338 :: Accés a l'apartat ADMIN el dia 16/06/2026 a l'hora 05:23:30
339 :: Accés a l'apartat ADMIN el dia 16/06/2026 a l'hora 05:23:43
340 :: Accés a l'apartat ADMIN el dia 16/06/2026 a l'hora 05:23:43
341 :: Accés a l'apartat ADMIN el dia 16/06/2026 a l'hora 05:24:17
342 :: Accés a l'apartat ADMIN el dia 16/06/2026 a l'hora 05:24:17
343 :: Accés a l'apartat ADMIN el dia 16/06/2026 a l'hora 05:24:27
344 :: Accés a l'apartat ADMIN el dia 16/06/2026 a l'hora 05:24:27
345 :: Accés a l'apartat ADMIN el dia 16/06/2026 a l'hora 05:24:46
346 :: Accés a l'apartat ADMIN el dia 16/06/2026 a l'hora 05:24:46
347 :: Accés a l'apartat ADMIN el dia 16/06/2026 a l'hora 05:24:56
348 :: Accés a l'apartat ADMIN el dia 16/06/2026 a l'hora 05:24:56
349 :: Accés a l'apartat ADMIN el dia 16/06/2026 a l'hora 05:25:29
350 :: Accés a l'apartat ADMIN el dia 16/06/2026 a l'hora 05:25:29
351 :: Accés a l'apartat ADMIN el dia 16/06/2026 a l'hora 05:26:24
352 :: Accés a l'apartat ADMIN el dia 16/06/2026 a l'hora 05:26:24
353 :: Accés a l'apartat ADMIN el dia 16/06/2026 a l'hora 05:30:13
354 :: Accés a l'apartat ADMIN el dia 16/06/2026 a l'hora 05:30:13
355 :: Accés a l'apartat ADMIN el dia 16/06/2026 a l'hora 05:30:14
356 :: Accés a l'apartat ADMIN el dia 16/06/2026 a l'hora 05:30:28
357 :: Accés a l'apartat ADMIN el dia 16/06/2026 a l'hora 05:30:53
358 :: Accés a l'apartat ADMIN el dia 16/06/2026 a l'hora 05:31:08
359 :: Accés a l'apartat ADMIN el dia 16/06/2026 a l'hora 05:31:10
360 :: Accés a l'apartat ADMIN el dia 16/06/2026 a l'hora 05:31:12
361 :: Accés a l'apartat ADMIN el dia 16/06/2026 a l'hora 06:27:20
362 :: Accés a l'apartat ADMIN el dia 16/06/2026 a l'hora 06:27:20
363 :: Accés a l'apartat ADMIN el dia 16/06/2026 a l'hora 06:27:23
364 :: Accés a l'apartat ADMIN el dia 16/06/2026 a l'hora 06:27:23
365 :: Accés a l'apartat ADMIN el dia 16/06/2026 a l'hora 06:43:51
366 :: Accés a l'apartat ADMIN el dia 16/06/2026 a l'hora 06:43:51
367 :: Accés a l'apartat INICI el dia 16/06/2026 a l'hora 06:43:53
368 :: Accés a l'apartat INICI el dia 16/06/2026 a l'hora 06:43:53
369 :: Accés a l'apartat INICI el dia 16/06/2026 a l'hora 06:43:58
370 :: Accés a l'apartat INICI el dia 16/06/2026 a l'hora 06:43:59
371 :: Accés a l'apartat INICI el dia 16/06/2026 a l'hora 06:43:59
372 :: Accés a l'apartat CONTACTE el dia 16/06/2026 a l'hora 06:44:00
373 :: Accés a l'apartat CONTACTE el dia 16/06/2026 a l'hora 06:44:02
374 :: Accés a l'apartat INICI el dia 16/06/2026 a l'hora 06:44:03
375 :: Accés a l'apartat CONTACTE el dia 16/06/2026 a l'hora 06:44:03
376 :: Accés a l'apartat CONTACTE el dia 16/06/2026 a l'hora 06:44:04
377 :: Accés a l'apartat APADRINA el dia 16/06/2026 a l'hora 06:44:04
378 :: Accés a l'apartat APADRINA el dia 16/06/2026 a l'hora 06:44:04
379 :: Accés a l'apartat APADRINA el dia 16/06/2026 a l'hora 06:44:41
380 :: Accés a l'apartat INICI el dia 16/06/2026 a l'hora 06:44:42
381 :: Accés a l'apartat INICI el dia 16/06/2026 a l'hora 06:44:43
382 :: Accés a l'apartat INICI el dia 16/06/2026 a l'hora 06:44:43
383 :: Accés a l'apartat CONTACTE el dia 16/06/2026 a l'hora 06:44:44
384 :: Accés a l'apartat REGISTRE el dia 16/06/2026 a l'hora 06:44:45
385 :: Accés a l'apartat REGISTRE el dia 16/06/2026 a l'hora 06:44:46
386 :: Accés a l'apartat CONTACTE el dia 16/06/2026 a l'hora 06:44:47
387 :: Accés a l'apartat CONTACTE el dia 16/06/2026 a l'hora 06:44:47
388 :: Accés a l'apartat APADRINA el dia 16/06/2026 a l'hora 06:44:47
389 :: Accés a l'apartat APADRINA el dia 16/06/2026 a l'hora 06:44:48
390 :: Accés a l'apartat CONTACTE el dia 16/06/2026 a l'hora 06:44:48
391 :: Accés a l'apartat APADRINA el dia 16/06/2026 a l'hora 06:44:49
392 :: Accés a l'apartat REGISTRE el dia 16/06/2026 a l'hora 06:44:50
393 :: Accés a l'apartat INICI el dia 16/06/2026 a l'hora 06:44:50
394 :: Accés a l'apartat REGISTRE el dia 16/06/2026 a l'hora 06:44:53
395 :: Accés a l'apartat REGISTRE el dia 16/06/2026 a l'hora 06:44:53
396 :: Accés a l'apartat REGISTRE el dia 16/06/2026 a l'hora 06:46:09
397 :: Accés a l'apartat REGISTRE el dia 16/06/2026 a l'hora 06:46:09
398 :: Accés a l'apartat INICI el dia 16/06/2026 a l'hora 06:46:10
399 :: Accés a l'apartat INICI el dia 16/06/2026 a l'hora 06:46:10
400 :: Accés a l'apartat CONTACTE el dia 16/06/2026 a l'hora 06:46:11
401 :: Accés a l'apartat APADRINA el dia 16/06/2026 a l'hora 06:46:11
402 :: Accés a l'apartat INICI el dia 16/06/2026 a l'hora 06:46:13
403 :: Accés a l'apartat INICI el dia 16/06/2026 a l'hora 06:46:26
404 :: Accés a l'apartat INICI el dia 16/06/2026 a l'hora 06:46:26
405 :: Accés a l'apartat REGISTRE el dia 16/06/2026 a l'hora 06:46:27
406 :: Accés a l'apartat CONTACTE el dia 16/06/2026 a l'hora 06:46:28
407 :: Accés a l'apartat APADRINA el dia 16/06/2026 a l'hora 06:46:28
408 :: Accés a l'apartat INICI el dia 16/06/2026 a l'hora 06:46:40
409 :: Accés a l'apartat REGISTRE el dia 16/06/2026 a l'hora 06:46:41
410 :: Accés a l'apartat CONTACTE el dia 16/06/2026 a l'hora 06:46:41
411 :: Accés a l'apartat CONTACTE el dia 16/06/2026 a l'hora 06:46:41
412 :: Accés a l'apartat APADRINA el dia 16/06/2026 a l'hora 06:46:42
413 :: Accés a l'apartat APADRINA el dia 16/06/2026 a l'hora 06:48:35
414 :: Accés a l'apartat APADRINA el dia 16/06/2026 a l'hora 06:48:35
415 :: Accés a l'apartat APADRINA el dia 16/06/2026 a l'hora 06:52:17
416 :: Accés a l'apartat APADRINA el dia 16/06/2026 a l'hora 06:52:17
417 :: Accés a l'apartat REGISTRE el dia 16/06/2026 a l'hora 06:59:53
418 :: Accés a l'apartat REGISTRE el dia 16/06/2026 a l'hora 06:59:53
419 :: Accés a l'apartat INICI el dia 16/06/2026 a l'hora 06:59:53
420 :: Accés a l'apartat CONTACTE el dia 16/06/2026 a l'hora 06:59:54
421 :: Accés a l'apartat APADRINA el dia 16/06/2026 a l'hora 06:59:55
422 :: Accés a l'apartat APADRINA el dia 16/06/2026 a l'hora 07:04:32
423 :: Accés a l'apartat APADRINA el dia 16/06/2026 a l'hora 07:04:32
424 :: Accés a l'apartat APADRINA el dia 16/06/2026 a l'hora 07:04:37
425 :: Accés a l'apartat APADRINA el dia 16/06/2026 a l'hora 07:04:37
426 :: Accés a l'apartat APADRINA el dia 16/06/2026 a l'hora 07:05:31
427 :: Accés a l'apartat APADRINA el dia 16/06/2026 a l'hora 07:05:31
428 :: Accés a l'apartat APADRINA el dia 16/06/2026 a l'hora 07:06:01
429 :: Accés a l'apartat APADRINA el dia 16/06/2026 a l'hora 07:06:01
430 :: Accés a l'apartat APADRINA el dia 16/06/2026 a l'hora 07:11:24
431 :: Accés a l'apartat APADRINA el dia 16/06/2026 a l'hora 07:11:24
432 :: Accés a l'apartat APADRINA el dia 16/06/2026 a l'hora 07:15:10
433 :: Accés a l'apartat APADRINA el dia 16/06/2026 a l'hora 07:15:10
434 :: Accés a l'apartat APADRINA el dia 16/06/2026 a l'hora 07:16:39
435 :: Accés a l'apartat APADRINA el dia 16/06/2026 a l'hora 07:16:39
436 :: Accés a l'apartat CONTACTE el dia 16/06/2026 a l'hora 07:16:41
437 :: Accés a l'apartat REGISTRE el dia 16/06/2026 a l'hora 07:16:41
438 :: Accés a l'apartat INICI el dia 16/06/2026 a l'hora 07:16:42
439 :: Accés a l'apartat INICI el dia 16/06/2026 a l'hora 07:17:32
440 :: Accés a l'apartat APADRINA el dia 16/06/2026 a l'hora 07:17:35
441 :: Accés a l'apartat APADRINA el dia 16/06/2026 a l'hora 07:17:38
442 :: Accés a l'apartat REGISTRE el dia 16/06/2026 a l'hora 07:18:12
443 :: Accés a l'apartat INICI el dia 16/06/2026 a l'hora 07:18:13
444 :: Accés a l'apartat CONTACTE el dia 16/06/2026 a l'hora 07:18:14
445 :: Accés a l'apartat APADRINA el dia 16/06/2026 a l'hora 07:18:14
446 :: Accés a l'apartat APADRINA el dia 16/06/2026 a l'hora 07:20:11
447 :: Accés a l'apartat APADRINA el dia 16/06/2026 a l'hora 07:20:12
448 :: Accés a l'apartat APADRINA el dia 16/06/2026 a l'hora 07:20:13
449 :: Accés a l'apartat APADRINA el dia 16/06/2026 a l'hora 07:20:16
450 :: Accés a l'apartat REGISTRE el dia 16/06/2026 a l'hora 07:20:17
451 :: Accés a l'apartat CONTACTE el dia 16/06/2026 a l'hora 07:20:18
452 :: Accés a l'apartat APADRINA el dia 16/06/2026 a l'hora 07:20:19
453 :: Accés a l'apartat INICI el dia 16/06/2026 a l'hora 07:20:20
454 :: Accés a l'apartat REGISTRE el dia 16/06/2026 a l'hora 07:20:21
455 :: Accés a l'apartat CONTACTE el dia 16/06/2026 a l'hora 07:20:21
456 :: Accés a l'apartat APADRINA el dia 16/06/2026 a l'hora 07:20:22
457 :: Accés a l'apartat APADRINA el dia 16/06/2026 a l'hora 07:20:30
458 :: Accés a l'apartat APADRINA el dia 16/06/2026 a l'hora 07:21:10
459 :: Accés a l'apartat CONTACTE el dia 16/06/2026 a l'hora 07:21:12
460 :: Accés a l'apartat REGISTRE el dia 16/06/2026 a l'hora 07:21:13
461 :: Accés a l'apartat INICI el dia 16/06/2026 a l'hora 07:21:13
462 :: Accés a l'apartat INICI el dia 16/06/2026 a l'hora 07:22:32
463 :: Accés a l'apartat INICI el dia 16/06/2026 a l'hora 07:22:32
464 :: Accés a l'apartat INICI el dia 16/06/2026 a l'hora 07:22:32
465 :: Accés a l'apartat INICI el dia 16/06/2026 a l'hora 07:22:33
466 :: Accés a l'apartat INICI el dia 16/06/2026 a l'hora 07:24:02
467 :: Accés a l'apartat INICI el dia 16/06/2026 a l'hora 07:26:10
468 :: Accés a l'apartat INICI el dia 16/06/2026 a l'hora 07:26:10
469 :: Accés a l'apartat REGISTRE el dia 16/06/2026 a l'hora 07:26:18
470 :: Accés a l'apartat CONTACTE el dia 16/06/2026 a l'hora 07:26:25
471 :: Accés a l'apartat APADRINA el dia 16/06/2026 a l'hora 07:26:28
472 :: Accés a l'apartat APADRINA el dia 16/06/2026 a l'hora 07:26:55
473 :: Accés a l'apartat APADRINA el dia 16/06/2026 a l'hora 07:26:55
474 :: Accés a l'apartat CONTACTE el dia 16/06/2026 a l'hora 07:27:13
475 :: Accés a l'apartat CONTACTE el dia 16/06/2026 a l'hora 07:27:13
476 :: Accés a l'apartat CONTACTE el dia 16/06/2026 a l'hora 07:27:51
477 :: Accés a l'apartat CONTACTE el dia 16/06/2026 a l'hora 07:28:06
478 :: Accés a l'apartat CONTACTE el dia 16/06/2026 a l'hora 07:28:48
479 :: Accés a l'apartat CONTACTE el dia 16/06/2026 a l'hora 07:28:58
480 :: Accés a l'apartat CONTACTE el dia 16/06/2026 a l'hora 07:29:13
481 :: Accés a l'apartat APADRINA el dia 16/06/2026 a l'hora 07:29:57
482 :: Accés a l'apartat CONTACTE el dia 16/06/2026 a l'hora 07:29:59
483 :: Accés a l'apartat REGISTRE el dia 16/06/2026 a l'hora 07:29:59
484 :: Accés a l'apartat INICI el dia 16/06/2026 a l'hora 07:30:00
485 :: Accés a l'apartat APADRINA el dia 16/06/2026 a l'hora 07:30:01
486 :: Accés a l'apartat APADRINA el dia 16/06/2026 a l'hora 07:31:34
487 :: Accés a l'apartat APADRINA el dia 16/06/2026 a l'hora 07:31:34
488 :: Accés a l'apartat APADRINA el dia 16/06/2026 a l'hora 07:31:45
489 :: Accés a l'apartat APADRINA el dia 16/06/2026 a l'hora 07:32:33
490 :: Accés a l'apartat APADRINA el dia 16/06/2026 a l'hora 07:32:33
491 :: Accés a l'apartat APADRINA el dia 16/06/2026 a l'hora 07:32:34
492 :: Accés a l'apartat APADRINA el dia 16/06/2026 a l'hora 07:32:35
493 :: Accés a l'apartat APADRINA el dia 16/06/2026 a l'hora 07:32:42
494 :: Accés a l'apartat APADRINA el dia 16/06/2026 a l'hora 07:32:59
495 :: Accés a l'apartat APADRINA el dia 16/06/2026 a l'hora 07:32:59
496 :: Accés a l'apartat APADRINA el dia 16/06/2026 a l'hora 07:33:04
497 :: Accés a l'apartat APADRINA el dia 16/06/2026 a l'hora 07:34:27
498 :: Accés a l'apartat APADRINA el dia 16/06/2026 a l'hora 07:35:23
499 :: Accés a l'apartat APADRINA el dia 16/06/2026 a l'hora 07:35:37
500 :: Accés a l'apartat APADRINA el dia 16/06/2026 a l'hora 07:36:07
501 :: Accés a l'apartat APADRINA el dia 16/06/2026 a l'hora 07:36:17
502 :: Accés a l'apartat APADRINA el dia 16/06/2026 a l'hora 07:36:23
503 :: Accés a l'apartat APADRINA el dia 16/06/2026 a l'hora 07:36:53
504 :: Accés a l'apartat APADRINA el dia 16/06/2026 a l'hora 07:36:54
505 :: Accés a l'apartat APADRINA el dia 16/06/2026 a l'hora 07:37:10
506 :: Accés a l'apartat APADRINA el dia 16/06/2026 a l'hora 07:38:05
507 :: Accés a l'apartat APADRINA el dia 16/06/2026 a l'hora 07:38:05
508 :: Accés a l'apartat APADRINA el dia 16/06/2026 a l'hora 07:38:16
509 :: Accés a l'apartat APADRINA el dia 16/06/2026 a l'hora 07:38:26
510 :: Accés a l'apartat APADRINA el dia 16/06/2026 a l'hora 07:38:27
511 :: Accés a l'apartat APADRINA el dia 16/06/2026 a l'hora 07:38:28
512 :: Accés a l'apartat APADRINA el dia 16/06/2026 a l'hora 07:38:32
513 :: Accés a l'apartat APADRINA el dia 16/06/2026 a l'hora 07:38:54
514 :: Accés a l'apartat APADRINA el dia 16/06/2026 a l'hora 07:38:54
515 :: Accés a l'apartat APADRINA el dia 16/06/2026 a l'hora 07:39:13
516 :: Accés a l'apartat APADRINA el dia 16/06/2026 a l'hora 07:39:29
517 :: Accés a l'apartat APADRINA el dia 16/06/2026 a l'hora 07:40:16
518 :: Accés a l'apartat APADRINA el dia 16/06/2026 a l'hora 07:40:16
519 :: Accés a l'apartat APADRINA el dia 16/06/2026 a l'hora 07:40:38
520 :: Accés a l'apartat APADRINA el dia 16/06/2026 a l'hora 07:40:56
521 :: Accés a l'apartat APADRINA el dia 16/06/2026 a l'hora 07:42:35
522 :: Accés a l'apartat APADRINA el dia 16/06/2026 a l'hora 07:42:36
523 :: Accés a l'apartat APADRINA el dia 16/06/2026 a l'hora 07:43:03
524 :: Accés a l'apartat APADRINA el dia 16/06/2026 a l'hora 07:43:22
525 :: Accés a l'apartat APADRINA el dia 16/06/2026 a l'hora 07:43:35
526 :: Accés a l'apartat APADRINA el dia 16/06/2026 a l'hora 07:44:50
527 :: Accés a l'apartat APADRINA el dia 16/06/2026 a l'hora 07:44:53
528 :: Accés a l'apartat INICI el dia 16/06/2026 a l'hora 07:45:46
529 :: Accés a l'apartat REGISTRE el dia 16/06/2026 a l'hora 07:45:47
530 :: Accés a l'apartat CONTACTE el dia 16/06/2026 a l'hora 07:45:47
531 :: Accés a l'apartat APADRINA el dia 16/06/2026 a l'hora 07:45:48
532 :: Accés a l'apartat APADRINA el dia 16/06/2026 a l'hora 07:45:53
533 :: Accés a l'apartat APADRINA el dia 16/06/2026 a l'hora 07:46:55
534 :: Accés a l'apartat APADRINA el dia 16/06/2026 a l'hora 07:46:55
535 :: Accés a l'apartat APADRINA el dia 16/06/2026 a l'hora 07:47:21
536 :: Accés a l'apartat APADRINA el dia 16/06/2026 a l'hora 07:47:22
537 :: Accés a l'apartat APADRINA el dia 16/06/2026 a l'hora 07:47:25
538 :: Accés a l'apartat APADRINA el dia 16/06/2026 a l'hora 07:47:25
539 :: Accés a l'apartat APADRINA el dia 16/06/2026 a l'hora 07:47:30
540 :: Accés a l'apartat APADRINA el dia 16/06/2026 a l'hora 07:47:30
541 :: Accés a l'apartat APADRINA el dia 16/06/2026 a l'hora 07:47:32
542 :: Accés a l'apartat APADRINA el dia 16/06/2026 a l'hora 07:49:04
543 :: Accés a l'apartat APADRINA el dia 16/06/2026 a l'hora 07:49:04
544 :: Accés a l'apartat APADRINA el dia 16/06/2026 a l'hora 07:49:12
545 :: Accés a l'apartat APADRINA el dia 16/06/2026 a l'hora 07:49:12
546 :: Accés a l'apartat APADRINA el dia 16/06/2026 a l'hora 07:49:20
547 :: Accés a l'apartat APADRINA el dia 16/06/2026 a l'hora 07:49:20
548 :: Accés a l'apartat APADRINA el dia 16/06/2026 a l'hora 07:49:58
549 :: Accés a l'apartat APADRINA el dia 16/06/2026 a l'hora 07:49:58
550 :: Accés a l'apartat REGISTRE el dia 16/06/2026 a l'hora 07:50:01
551 :: Accés a l'apartat REGISTRE el dia 16/06/2026 a l'hora 07:50:01
552 :: Accés a l'apartat CONTACTE el dia 16/06/2026 a l'hora 07:50:02
553 :: Accés a l'apartat APADRINA el dia 16/06/2026 a l'hora 07:50:02
554 :: Accés a l'apartat APADRINA el dia 16/06/2026 a l'hora 07:50:05
555 :: Accés a l'apartat APADRINA el dia 16/06/2026 a l'hora 07:50:05
556 :: Accés a l'apartat APADRINA el dia 16/06/2026 a l'hora 07:50:05
557 :: Accés a l'apartat APADRINA el dia 16/06/2026 a l'hora 07:52:13
558 :: Accés a l'apartat APADRINA el dia 16/06/2026 a l'hora 07:52:13
559 :: Accés a l'apartat APADRINA el dia 16/06/2026 a l'hora 07:52:17
560 :: Accés a l'apartat APADRINA el dia 16/06/2026 a l'hora 07:52:17
561 :: Accés a l'apartat APADRINA el dia 16/06/2026 a l'hora 07:52:22
562 :: Accés a l'apartat APADRINA el dia 16/06/2026 a l'hora 07:52:22
563 :: Accés a l'apartat APADRINA el dia 16/06/2026 a l'hora 07:52:42
564 :: Accés a l'apartat APADRINA el dia 16/06/2026 a l'hora 07:52:42
565 :: Accés a l'apartat APADRINA el dia 16/06/2026 a l'hora 07:52:45
566 :: Accés a l'apartat APADRINA el dia 16/06/2026 a l'hora 07:52:45
567 :: Accés a l'apartat APADRINA el dia 16/06/2026 a l'hora 07:53:17
568 :: Accés a l'apartat APADRINA el dia 16/06/2026 a l'hora 07:53:17
569 :: Accés a l'apartat APADRINA el dia 16/06/2026 a l'hora 07:53:25
570 :: Accés a l'apartat APADRINA el dia 16/06/2026 a l'hora 07:53:26
